{"C:\\Users\\2001l\\OneDrive\\Desktop\\GymPro\\Gym_Posture_Analyser\\App.jsx": {"path":"C:\\Users\\2001l\\OneDrive\\Desktop\\GymPro\\Gym_Posture_Analyser\\App.jsx","statementMap":{"0":{"start":{"line":21,"column":14},"end":{"line":21,"column":36}},"1":{"start":{"line":22,"column":12},"end":{"line":22,"column":38}},"2":{"start":{"line":24,"column":16},"end":{"line":150,"column":1}},"3":{"start":{"line":25,"column":36},"end":{"line":25,"column":50}},"4":{"start":{"line":26,"column":49},"end":{"line":26,"column":64}},"5":{"start":{"line":27,"column":37},"end":{"line":27,"column":52}},"6":{"start":{"line":29,"column":2},"end":{"line":59,"column":9}},"7":{"start":{"line":30,"column":18},"end":{"line":56,"column":13}},"8":{"start":{"line":31,"column":6},"end":{"line":31,"column":26}},"9":{"start":{"line":32,"column":6},"end":{"line":54,"column":11}},"10":{"start":{"line":34,"column":10},"end":{"line":50,"column":11}},"11":{"start":{"line":36,"column":12},"end":{"line":36,"column":47}},"12":{"start":{"line":37,"column":12},"end":{"line":37,"column":58}},"13":{"start":{"line":38,"column":12},"end":{"line":38,"column":55}},"14":{"start":{"line":39,"column":12},"end":{"line":46,"column":13}},"15":{"start":{"line":40,"column":14},"end":{"line":40,"column":50}},"16":{"start":{"line":41,"column":14},"end":{"line":41,"column":39}},"17":{"start":{"line":42,"column":14},"end":{"line":42,"column":44}},"18":{"start":{"line":45,"column":14},"end":{"line":45,"column":47}},"19":{"start":{"line":49,"column":12},"end":{"line":49,"column":44}},"20":{"start":{"line":53,"column":10},"end":{"line":53,"column":54}},"21":{"start":{"line":58,"column":4},"end":{"line":58,"column":37}},"22":{"start":{"line":58,"column":17},"end":{"line":58,"column":36}},"23":{"start":{"line":61,"column":29},"end":{"line":74,"column":3}},"24":{"start":{"line":62,"column":4},"end":{"line":62,"column":64}},"25":{"start":{"line":63,"column":16},"end":{"line":63,"column":119}},"26":{"start":{"line":64,"column":4},"end":{"line":64,"column":53}},"27":{"start":{"line":65,"column":4},"end":{"line":65,"column":41}},"28":{"start":{"line":66,"column":4},"end":{"line":73,"column":5}},"29":{"start":{"line":67,"column":6},"end":{"line":67,"column":42}},"30":{"start":{"line":68,"column":6},"end":{"line":68,"column":18}},"31":{"start":{"line":71,"column":6},"end":{"line":71,"column":43}},"32":{"start":{"line":72,"column":6},"end":{"line":72,"column":19}},"33":{"start":{"line":76,"column":18},"end":{"line":79,"column":3}},"34":{"start":{"line":78,"column":4},"end":{"line":78,"column":29}},"35":{"start":{"line":81,"column":19},"end":{"line":83,"column":3}},"36":{"start":{"line":82,"column":4},"end":{"line":82,"column":29}},"37":{"start":{"line":85,"column":27},"end":{"line":87,"column":3}},"38":{"start":{"line":86,"column":4},"end":{"line":86,"column":23}},"39":{"start":{"line":89,"column":27},"end":{"line":91,"column":3}},"40":{"start":{"line":90,"column":4},"end":{"line":90,"column":24}},"41":{"start":{"line":93,"column":2},"end":{"line":95,"column":3}},"42":{"start":{"line":94,"column":4},"end":{"line":94,"column":29}},"43":{"start":{"line":97,"column":2},"end":{"line":103,"column":3}},"44":{"start":{"line":98,"column":4},"end":{"line":102,"column":6}},"45":{"start":{"line":105,"column":0},"end":{"line":149,"column":2}},"46":{"start":{"line":152,"column":21},"end":{"line":187,"column":1}},"47":{"start":{"line":153,"column":0},"end":{"line":186,"column":2}},"48":{"start":{"line":155,"column":35},"end":{"line":179,"column":5}},"49":{"start":{"line":159,"column":8},"end":{"line":167,"column":9}},"50":{"start":{"line":160,"column":10},"end":{"line":160,"column":47}},"51":{"start":{"line":161,"column":15},"end":{"line":167,"column":9}},"52":{"start":{"line":162,"column":10},"end":{"line":162,"column":59}},"53":{"start":{"line":163,"column":15},"end":{"line":167,"column":9}},"54":{"start":{"line":164,"column":10},"end":{"line":164,"column":59}},"55":{"start":{"line":165,"column":15},"end":{"line":167,"column":9}},"56":{"start":{"line":166,"column":10},"end":{"line":166,"column":53}},"57":{"start":{"line":169,"column":8},"end":{"line":169,"column":88}},"58":{"start":{"line":174,"column":25},"end":{"line":174,"column":29}}},"fnMap":{"0":{"name":"(anonymous_0)","decl":{"start":{"line":24,"column":16},"end":{"line":24,"column":17}},"loc":{"start":{"line":24,"column":22},"end":{"line":150,"column":1}},"line":24},"1":{"name":"(anonymous_1)","decl":{"start":{"line":29,"column":12},"end":{"line":29,"column":13}},"loc":{"start":{"line":29,"column":17},"end":{"line":59,"column":3}},"line":29},"2":{"name":"(anonymous_2)","decl":{"start":{"line":30,"column":29},"end":{"line":30,"column":30}},"loc":{"start":{"line":30,"column":35},"end":{"line":56,"column":5}},"line":30},"3":{"name":"(anonymous_3)","decl":{"start":{"line":33,"column":14},"end":{"line":33,"column":15}},"loc":{"start":{"line":33,"column":31},"end":{"line":51,"column":9}},"line":33},"4":{"name":"(anonymous_4)","decl":{"start":{"line":52,"column":15},"end":{"line":52,"column":16}},"loc":{"start":{"line":52,"column":23},"end":{"line":54,"column":9}},"line":52},"5":{"name":"(anonymous_5)","decl":{"start":{"line":58,"column":11},"end":{"line":58,"column":12}},"loc":{"start":{"line":58,"column":17},"end":{"line":58,"column":36}},"line":58},"6":{"name":"(anonymous_6)","decl":{"start":{"line":61,"column":29},"end":{"line":61,"column":30}},"loc":{"start":{"line":61,"column":45},"end":{"line":74,"column":3}},"line":61},"7":{"name":"(anonymous_7)","decl":{"start":{"line":76,"column":18},"end":{"line":76,"column":19}},"loc":{"start":{"line":76,"column":23},"end":{"line":79,"column":3}},"line":76},"8":{"name":"(anonymous_8)","decl":{"start":{"line":81,"column":19},"end":{"line":81,"column":20}},"loc":{"start":{"line":81,"column":24},"end":{"line":83,"column":3}},"line":81},"9":{"name":"(anonymous_9)","decl":{"start":{"line":85,"column":27},"end":{"line":85,"column":28}},"loc":{"start":{"line":85,"column":32},"end":{"line":87,"column":3}},"line":85},"10":{"name":"(anonymous_10)","decl":{"start":{"line":89,"column":27},"end":{"line":89,"column":28}},"loc":{"start":{"line":89,"column":32},"end":{"line":91,"column":3}},"line":89},"11":{"name":"(anonymous_11)","decl":{"start":{"line":152,"column":21},"end":{"line":152,"column":22}},"loc":{"start":{"line":152,"column":27},"end":{"line":187,"column":1}},"line":152},"12":{"name":"(anonymous_12)","decl":{"start":{"line":155,"column":19},"end":{"line":155,"column":20}},"loc":{"start":{"line":155,"column":35},"end":{"line":179,"column":5}},"line":155},"13":{"name":"(anonymous_13)","decl":{"start":{"line":156,"column":18},"end":{"line":156,"column":19}},"loc":{"start":{"line":156,"column":48},"end":{"line":170,"column":7}},"line":156},"14":{"name":"(anonymous_14)","decl":{"start":{"line":174,"column":19},"end":{"line":174,"column":20}},"loc":{"start":{"line":174,"column":25},"end":{"line":174,"column":29}},"line":174}},"branchMap":{"0":{"loc":{"start":{"line":34,"column":10},"end":{"line":50,"column":11}},"type":"if","locations":[{"start":{"line":34,"column":10},"end":{"line":50,"column":11}},{"start":{"line":48,"column":14},"end":{"line":50,"column":11}}],"line":34},"1":{"loc":{"start":{"line":39,"column":12},"end":{"line":46,"column":13}},"type":"if","locations":[{"start":{"line":39,"column":12},"end":{"line":46,"column":13}},{"start":{"line":44,"column":16},"end":{"line":46,"column":13}}],"line":39},"2":{"loc":{"start":{"line":66,"column":4},"end":{"line":73,"column":5}},"type":"if","locations":[{"start":{"line":66,"column":4},"end":{"line":73,"column":5}},{"start":{"line":70,"column":8},"end":{"line":73,"column":5}}],"line":66},"3":{"loc":{"start":{"line":93,"column":2},"end":{"line":95,"column":3}},"type":"if","locations":[{"start":{"line":93,"column":2},"end":{"line":95,"column":3}},{"start":{},"end":{}}],"line":93},"4":{"loc":{"start":{"line":97,"column":2},"end":{"line":103,"column":3}},"type":"if","locations":[{"start":{"line":97,"column":2},"end":{"line":103,"column":3}},{"start":{},"end":{}}],"line":97},"5":{"loc":{"start":{"line":98,"column":11},"end":{"line":102,"column":5}},"type":"cond-expr","locations":[{"start":{"line":99,"column":6},"end":{"line":99,"column":105}},{"start":{"line":101,"column":6},"end":{"line":101,"column":74}}],"line":98},"6":{"loc":{"start":{"line":159,"column":8},"end":{"line":167,"column":9}},"type":"if","locations":[{"start":{"line":159,"column":8},"end":{"line":167,"column":9}},{"start":{"line":161,"column":15},"end":{"line":167,"column":9}}],"line":159},"7":{"loc":{"start":{"line":160,"column":21},"end":{"line":160,"column":46}},"type":"cond-expr","locations":[{"start":{"line":160,"column":31},"end":{"line":160,"column":37}},{"start":{"line":160,"column":40},"end":{"line":160,"column":46}}],"line":160},"8":{"loc":{"start":{"line":161,"column":15},"end":{"line":167,"column":9}},"type":"if","locations":[{"start":{"line":161,"column":15},"end":{"line":167,"column":9}},{"start":{"line":163,"column":15},"end":{"line":167,"column":9}}],"line":161},"9":{"loc":{"start":{"line":162,"column":21},"end":{"line":162,"column":58}},"type":"cond-expr","locations":[{"start":{"line":162,"column":31},"end":{"line":162,"column":39}},{"start":{"line":162,"column":42},"end":{"line":162,"column":58}}],"line":162},"10":{"loc":{"start":{"line":163,"column":15},"end":{"line":167,"column":9}},"type":"if","locations":[{"start":{"line":163,"column":15},"end":{"line":167,"column":9}},{"start":{"line":165,"column":15},"end":{"line":167,"column":9}}],"line":163},"11":{"loc":{"start":{"line":164,"column":21},"end":{"line":164,"column":58}},"type":"cond-expr","locations":[{"start":{"line":164,"column":31},"end":{"line":164,"column":43}},{"start":{"line":164,"column":46},"end":{"line":164,"column":58}}],"line":164},"12":{"loc":{"start":{"line":165,"column":15},"end":{"line":167,"column":9}},"type":"if","locations":[{"start":{"line":165,"column":15},"end":{"line":167,"column":9}},{"start":{},"end":{}}],"line":165},"13":{"loc":{"start":{"line":166,"column":21},"end":{"line":166,"column":52}},"type":"cond-expr","locations":[{"start":{"line":166,"column":31},"end":{"line":166,"column":40}},{"start":{"line":166,"column":43},"end":{"line":166,"column":52}}],"line":166},"14":{"loc":{"start":{"line":169,"column":52},"end":{"line":169,"column":69}},"type":"cond-expr","locations":[{"start":{"line":169,"column":62},"end":{"line":169,"column":64}},{"start":{"line":169,"column":67},"end":{"line":169,"column":69}}],"line":169}},"s":{"0":1,"1":1,"2":1,"3":1,"4":1,"5":1,"6":1,"7":1,"8":0,"9":0,"10":0,"11":0,"12":0,"13":0,"14":0,"15":0,"16":0,"17":0,"18":0,"19":0,"20":0,"21":1,"22":1,"23":1,"24":0,"25":0,"26":0,"27":0,"28":0,"29":0,"30":0,"31":0,"32":0,"33":1,"34":0,"35":1,"36":0,"37":1,"38":0,"39":1,"40":0,"41":1,"42":1,"43":0,"44":0,"45":0,"46":1,"47":0,"48":0,"49":0,"50":0,"51":0,"52":0,"53":0,"54":0,"55":0,"56":0,"57":0,"58":0},"f":{"0":1,"1":1,"2":0,"3":0,"4":0,"5":1,"6":0,"7":0,"8":0,"9":0,"10":0,"11":0,"12":0,"13":0,"14":0},"b":{"0":[0,0],"1":[0,0],"2":[0,0],"3":[1,0],"4":[0,0],"5":[0,0],"6":[0,0],"7":[0,0],"8":[0,0],"9":[0,0],"10":[0,0],"11":[0,0],"12":[0,0],"13":[0,0],"14":[0,0]},"_coverageSchema":"1a1c01bbd47fc00a2c39e90264f33305004495a9","hash":"ac2ec15e09cb4d121a2127558adfbbe379fb2ed3"}
,"C:\\Users\\2001l\\OneDrive\\Desktop\\GymPro\\Gym_Posture_Analyser\\Components\\cameraComponent.tsx": {"path":"C:\\Users\\2001l\\OneDrive\\Desktop\\GymPro\\Gym_Posture_Analyser\\Components\\cameraComponent.tsx","statementMap":{"0":{"start":{"line":10,"column":21},"end":{"line":10,"column":46}},"1":{"start":{"line":12,"column":19},"end":{"line":12,"column":44}},"2":{"start":{"line":13,"column":15},"end":{"line":13,"column":36}},"3":{"start":{"line":15,"column":26},"end":{"line":15,"column":56}},"4":{"start":{"line":16,"column":27},"end":{"line":16,"column":72}},"5":{"start":{"line":18,"column":27},"end":{"line":18,"column":30}},"6":{"start":{"line":19,"column":28},"end":{"line":19,"column":31}},"7":{"start":{"line":20,"column":29},"end":{"line":20,"column":76}},"8":{"start":{"line":22,"column":20},"end":{"line":22,"column":25}},"9":{"start":{"line":23,"column":31},"end":{"line":23,"column":36}},"10":{"start":{"line":25,"column":28},"end":{"line":290,"column":1}},"11":{"start":{"line":26,"column":20},"end":{"line":26,"column":32}},"12":{"start":{"line":27,"column":32},"end":{"line":27,"column":47}},"13":{"start":{"line":28,"column":28},"end":{"line":28,"column":42}},"14":{"start":{"line":29,"column":28},"end":{"line":29,"column":40}},"15":{"start":{"line":30,"column":24},"end":{"line":30,"column":35}},"16":{"start":{"line":31,"column":40},"end":{"line":31,"column":54}},"17":{"start":{"line":32,"column":38},"end":{"line":32,"column":74}},"18":{"start":{"line":33,"column":16},"end":{"line":33,"column":28}},"19":{"start":{"line":35,"column":2},"end":{"line":72,"column":9}},"20":{"start":{"line":37,"column":6},"end":{"line":37,"column":27}},"21":{"start":{"line":38,"column":29},"end":{"line":38,"column":74}},"22":{"start":{"line":39,"column":6},"end":{"line":39,"column":37}},"23":{"start":{"line":40,"column":6},"end":{"line":42,"column":9}},"24":{"start":{"line":41,"column":8},"end":{"line":41,"column":58}},"25":{"start":{"line":44,"column":6},"end":{"line":44,"column":51}},"26":{"start":{"line":45,"column":6},"end":{"line":45,"column":23}},"27":{"start":{"line":47,"column":33},"end":{"line":50,"column":7}},"28":{"start":{"line":52,"column":6},"end":{"line":60,"column":7}},"29":{"start":{"line":53,"column":26},"end":{"line":53,"column":66}},"30":{"start":{"line":54,"column":30},"end":{"line":54,"column":80}},"31":{"start":{"line":55,"column":30},"end":{"line":55,"column":80}},"32":{"start":{"line":56,"column":8},"end":{"line":59,"column":11}},"33":{"start":{"line":62,"column":20},"end":{"line":65,"column":7}},"34":{"start":{"line":67,"column":6},"end":{"line":67,"column":22}},"35":{"start":{"line":68,"column":6},"end":{"line":68,"column":23}},"36":{"start":{"line":71,"column":4},"end":{"line":71,"column":14}},"37":{"start":{"line":74,"column":2},"end":{"line":81,"column":9}},"38":{"start":{"line":75,"column":4},"end":{"line":80,"column":6}},"39":{"start":{"line":76,"column":6},"end":{"line":79,"column":7}},"40":{"start":{"line":77,"column":8},"end":{"line":77,"column":44}},"41":{"start":{"line":78,"column":8},"end":{"line":78,"column":26}},"42":{"start":{"line":83,"column":29},"end":{"line":115,"column":3}},"43":{"start":{"line":88,"column":17},"end":{"line":112,"column":5}},"44":{"start":{"line":89,"column":26},"end":{"line":89,"column":45}},"45":{"start":{"line":91,"column":22},"end":{"line":91,"column":32}},"46":{"start":{"line":92,"column":20},"end":{"line":92,"column":81}},"47":{"start":{"line":93,"column":22},"end":{"line":93,"column":42}},"48":{"start":{"line":94,"column":6},"end":{"line":94,"column":41}},"49":{"start":{"line":95,"column":6},"end":{"line":95,"column":22}},"50":{"start":{"line":96,"column":6},"end":{"line":96,"column":32}},"51":{"start":{"line":98,"column":6},"end":{"line":100,"column":7}},"52":{"start":{"line":99,"column":8},"end":{"line":99,"column":48}},"53":{"start":{"line":102,"column":6},"end":{"line":104,"column":7}},"54":{"start":{"line":103,"column":8},"end":{"line":103,"column":15}},"55":{"start":{"line":106,"column":6},"end":{"line":109,"column":7}},"56":{"start":{"line":107,"column":8},"end":{"line":107,"column":24}},"57":{"start":{"line":108,"column":8},"end":{"line":108,"column":25}},"58":{"start":{"line":111,"column":6},"end":{"line":111,"column":50}},"59":{"start":{"line":114,"column":4},"end":{"line":114,"column":11}},"60":{"start":{"line":117,"column":31},"end":{"line":130,"column":3}},"61":{"start":{"line":133,"column":21},"end":{"line":193,"column":3}},"62":{"start":{"line":134,"column":4},"end":{"line":192,"column":5}},"63":{"start":{"line":135,"column":20},"end":{"line":135,"column":97}},"64":{"start":{"line":136,"column":24},"end":{"line":149,"column":10}},"65":{"start":{"line":137,"column":23},"end":{"line":137,"column":58}},"66":{"start":{"line":139,"column":24},"end":{"line":139,"column":79}},"67":{"start":{"line":140,"column":20},"end":{"line":140,"column":62}},"68":{"start":{"line":141,"column":20},"end":{"line":141,"column":23}},"69":{"start":{"line":142,"column":21},"end":{"line":143,"column":67}},"70":{"start":{"line":144,"column":21},"end":{"line":145,"column":67}},"71":{"start":{"line":148,"column":10},"end":{"line":148,"column":34}},"72":{"start":{"line":152,"column":32},"end":{"line":162,"column":8}},"73":{"start":{"line":153,"column":8},"end":{"line":161,"column":10}},"74":{"start":{"line":164,"column":31},"end":{"line":182,"column":8}},"75":{"start":{"line":165,"column":20},"end":{"line":165,"column":60}},"76":{"start":{"line":165,"column":42},"end":{"line":165,"column":59}},"77":{"start":{"line":166,"column":20},"end":{"line":166,"column":60}},"78":{"start":{"line":166,"column":42},"end":{"line":166,"column":59}},"79":{"start":{"line":168,"column":8},"end":{"line":180,"column":9}},"80":{"start":{"line":169,"column":10},"end":{"line":179,"column":12}},"81":{"start":{"line":181,"column":8},"end":{"line":181,"column":20}},"82":{"start":{"line":184,"column":6},"end":{"line":189,"column":8}},"83":{"start":{"line":191,"column":6},"end":{"line":191,"column":27}},"84":{"start":{"line":195,"column":20},"end":{"line":201,"column":3}},"85":{"start":{"line":196,"column":4},"end":{"line":200,"column":6}},"86":{"start":{"line":203,"column":35},"end":{"line":215,"column":3}},"87":{"start":{"line":204,"column":4},"end":{"line":214,"column":6}},"88":{"start":{"line":217,"column":33},"end":{"line":223,"column":3}},"89":{"start":{"line":218,"column":4},"end":{"line":222,"column":6}},"90":{"start":{"line":225,"column":21},"end":{"line":230,"column":3}},"91":{"start":{"line":226,"column":4},"end":{"line":229,"column":6}},"92":{"start":{"line":232,"column":31},"end":{"line":236,"column":3}},"93":{"start":{"line":233,"column":4},"end":{"line":235,"column":29}},"94":{"start":{"line":238,"column":32},"end":{"line":242,"column":3}},"95":{"start":{"line":239,"column":4},"end":{"line":241,"column":28}},"96":{"start":{"line":244,"column":43},"end":{"line":258,"column":3}},"97":{"start":{"line":245,"column":4},"end":{"line":247,"column":5}},"98":{"start":{"line":246,"column":6},"end":{"line":246,"column":15}},"99":{"start":{"line":248,"column":4},"end":{"line":257,"column":5}},"100":{"start":{"line":250,"column":8},"end":{"line":250,"column":19}},"101":{"start":{"line":252,"column":8},"end":{"line":252,"column":69}},"102":{"start":{"line":254,"column":8},"end":{"line":254,"column":69}},"103":{"start":{"line":256,"column":8},"end":{"line":256,"column":17}},"104":{"start":{"line":260,"column":2},"end":{"line":289,"column":3}},"105":{"start":{"line":261,"column":4},"end":{"line":265,"column":6}},"106":{"start":{"line":267,"column":4},"end":{"line":288,"column":6}},"107":{"start":{"line":294,"column":15},"end":{"line":350,"column":2}}},"fnMap":{"0":{"name":"(anonymous_0)","decl":{"start":{"line":25,"column":28},"end":{"line":25,"column":29}},"loc":{"start":{"line":25,"column":68},"end":{"line":290,"column":1}},"line":25},"1":{"name":"(anonymous_1)","decl":{"start":{"line":35,"column":12},"end":{"line":35,"column":13}},"loc":{"start":{"line":35,"column":18},"end":{"line":72,"column":3}},"line":35},"2":{"name":"prepare","decl":{"start":{"line":36,"column":19},"end":{"line":36,"column":26}},"loc":{"start":{"line":36,"column":29},"end":{"line":69,"column":5}},"line":36},"3":{"name":"(anonymous_3)","decl":{"start":{"line":40,"column":53},"end":{"line":40,"column":54}},"loc":{"start":{"line":40,"column":64},"end":{"line":42,"column":7}},"line":40},"4":{"name":"(anonymous_4)","decl":{"start":{"line":74,"column":12},"end":{"line":74,"column":13}},"loc":{"start":{"line":74,"column":18},"end":{"line":81,"column":3}},"line":74},"5":{"name":"(anonymous_5)","decl":{"start":{"line":75,"column":11},"end":{"line":75,"column":12}},"loc":{"start":{"line":75,"column":17},"end":{"line":80,"column":5}},"line":75},"6":{"name":"(anonymous_6)","decl":{"start":{"line":83,"column":29},"end":{"line":83,"column":30}},"loc":{"start":{"line":87,"column":7},"end":{"line":115,"column":3}},"line":87},"7":{"name":"(anonymous_7)","decl":{"start":{"line":88,"column":17},"end":{"line":88,"column":18}},"loc":{"start":{"line":88,"column":29},"end":{"line":112,"column":5}},"line":88},"8":{"name":"(anonymous_8)","decl":{"start":{"line":133,"column":21},"end":{"line":133,"column":22}},"loc":{"start":{"line":133,"column":27},"end":{"line":193,"column":3}},"line":133},"9":{"name":"(anonymous_9)","decl":{"start":{"line":137,"column":16},"end":{"line":137,"column":17}},"loc":{"start":{"line":137,"column":23},"end":{"line":137,"column":58}},"line":137},"10":{"name":"(anonymous_10)","decl":{"start":{"line":138,"column":13},"end":{"line":138,"column":14}},"loc":{"start":{"line":138,"column":20},"end":{"line":149,"column":9}},"line":138},"11":{"name":"(anonymous_11)","decl":{"start":{"line":152,"column":46},"end":{"line":152,"column":47}},"loc":{"start":{"line":153,"column":8},"end":{"line":161,"column":10}},"line":153},"12":{"name":"(anonymous_12)","decl":{"start":{"line":164,"column":56},"end":{"line":164,"column":57}},"loc":{"start":{"line":164,"column":85},"end":{"line":182,"column":7}},"line":164},"13":{"name":"(anonymous_13)","decl":{"start":{"line":165,"column":35},"end":{"line":165,"column":36}},"loc":{"start":{"line":165,"column":42},"end":{"line":165,"column":59}},"line":165},"14":{"name":"(anonymous_14)","decl":{"start":{"line":166,"column":35},"end":{"line":166,"column":36}},"loc":{"start":{"line":166,"column":42},"end":{"line":166,"column":59}},"line":166},"15":{"name":"(anonymous_15)","decl":{"start":{"line":195,"column":20},"end":{"line":195,"column":21}},"loc":{"start":{"line":195,"column":26},"end":{"line":201,"column":3}},"line":195},"16":{"name":"(anonymous_16)","decl":{"start":{"line":203,"column":35},"end":{"line":203,"column":36}},"loc":{"start":{"line":203,"column":41},"end":{"line":215,"column":3}},"line":203},"17":{"name":"(anonymous_17)","decl":{"start":{"line":217,"column":33},"end":{"line":217,"column":34}},"loc":{"start":{"line":217,"column":39},"end":{"line":223,"column":3}},"line":217},"18":{"name":"(anonymous_18)","decl":{"start":{"line":225,"column":21},"end":{"line":225,"column":22}},"loc":{"start":{"line":225,"column":27},"end":{"line":230,"column":3}},"line":225},"19":{"name":"(anonymous_19)","decl":{"start":{"line":232,"column":31},"end":{"line":232,"column":32}},"loc":{"start":{"line":232,"column":37},"end":{"line":236,"column":3}},"line":232},"20":{"name":"(anonymous_20)","decl":{"start":{"line":238,"column":32},"end":{"line":238,"column":33}},"loc":{"start":{"line":238,"column":38},"end":{"line":242,"column":3}},"line":238},"21":{"name":"(anonymous_21)","decl":{"start":{"line":244,"column":43},"end":{"line":244,"column":44}},"loc":{"start":{"line":244,"column":49},"end":{"line":258,"column":3}},"line":244}},"branchMap":{"0":{"loc":{"start":{"line":16,"column":48},"end":{"line":16,"column":71}},"type":"cond-expr","locations":[{"start":{"line":16,"column":57},"end":{"line":16,"column":63}},{"start":{"line":16,"column":66},"end":{"line":16,"column":71}}],"line":16},"1":{"loc":{"start":{"line":20,"column":52},"end":{"line":20,"column":75}},"type":"cond-expr","locations":[{"start":{"line":20,"column":61},"end":{"line":20,"column":67}},{"start":{"line":20,"column":70},"end":{"line":20,"column":75}}],"line":20},"2":{"loc":{"start":{"line":52,"column":6},"end":{"line":60,"column":7}},"type":"if","locations":[{"start":{"line":52,"column":6},"end":{"line":60,"column":7}},{"start":{},"end":{}}],"line":52},"3":{"loc":{"start":{"line":76,"column":6},"end":{"line":79,"column":7}},"type":"if","locations":[{"start":{"line":76,"column":6},"end":{"line":79,"column":7}},{"start":{},"end":{}}],"line":76},"4":{"loc":{"start":{"line":76,"column":10},"end":{"line":76,"column":54}},"type":"binary-expr","locations":[{"start":{"line":76,"column":10},"end":{"line":76,"column":31}},{"start":{"line":76,"column":35},"end":{"line":76,"column":54}}],"line":76},"5":{"loc":{"start":{"line":98,"column":6},"end":{"line":100,"column":7}},"type":"if","locations":[{"start":{"line":98,"column":6},"end":{"line":100,"column":7}},{"start":{},"end":{}}],"line":98},"6":{"loc":{"start":{"line":98,"column":10},"end":{"line":98,"column":49}},"type":"binary-expr","locations":[{"start":{"line":98,"column":10},"end":{"line":98,"column":29}},{"start":{"line":98,"column":33},"end":{"line":98,"column":49}}],"line":98},"7":{"loc":{"start":{"line":102,"column":6},"end":{"line":104,"column":7}},"type":"if","locations":[{"start":{"line":102,"column":6},"end":{"line":104,"column":7}},{"start":{},"end":{}}],"line":102},"8":{"loc":{"start":{"line":106,"column":6},"end":{"line":109,"column":7}},"type":"if","locations":[{"start":{"line":106,"column":6},"end":{"line":109,"column":7}},{"start":{},"end":{}}],"line":106},"9":{"loc":{"start":{"line":134,"column":4},"end":{"line":192,"column":5}},"type":"if","locations":[{"start":{"line":134,"column":4},"end":{"line":192,"column":5}},{"start":{"line":190,"column":11},"end":{"line":192,"column":5}}],"line":134},"10":{"loc":{"start":{"line":134,"column":8},"end":{"line":134,"column":41}},"type":"binary-expr","locations":[{"start":{"line":134,"column":8},"end":{"line":134,"column":21}},{"start":{"line":134,"column":25},"end":{"line":134,"column":41}}],"line":134},"11":{"loc":{"start":{"line":135,"column":20},"end":{"line":135,"column":97}},"type":"cond-expr","locations":[{"start":{"line":135,"column":45},"end":{"line":135,"column":52}},{"start":{"line":135,"column":55},"end":{"line":135,"column":97}}],"line":135},"12":{"loc":{"start":{"line":135,"column":55},"end":{"line":135,"column":97}},"type":"cond-expr","locations":[{"start":{"line":135,"column":82},"end":{"line":135,"column":87}},{"start":{"line":135,"column":90},"end":{"line":135,"column":97}}],"line":135},"13":{"loc":{"start":{"line":137,"column":24},"end":{"line":137,"column":36}},"type":"binary-expr","locations":[{"start":{"line":137,"column":24},"end":{"line":137,"column":31}},{"start":{"line":137,"column":35},"end":{"line":137,"column":36}}],"line":137},"14":{"loc":{"start":{"line":139,"column":24},"end":{"line":139,"column":79}},"type":"binary-expr","locations":[{"start":{"line":139,"column":24},"end":{"line":139,"column":34}},{"start":{"line":139,"column":38},"end":{"line":139,"column":79}}],"line":139},"15":{"loc":{"start":{"line":140,"column":20},"end":{"line":140,"column":62}},"type":"cond-expr","locations":[{"start":{"line":140,"column":28},"end":{"line":140,"column":56}},{"start":{"line":140,"column":59},"end":{"line":140,"column":62}}],"line":140},"16":{"loc":{"start":{"line":143,"column":13},"end":{"line":143,"column":66}},"type":"cond-expr","locations":[{"start":{"line":143,"column":28},"end":{"line":143,"column":45}},{"start":{"line":143,"column":48},"end":{"line":143,"column":66}}],"line":143},"17":{"loc":{"start":{"line":145,"column":13},"end":{"line":145,"column":66}},"type":"cond-expr","locations":[{"start":{"line":145,"column":28},"end":{"line":145,"column":46}},{"start":{"line":145,"column":49},"end":{"line":145,"column":66}}],"line":145},"18":{"loc":{"start":{"line":168,"column":8},"end":{"line":180,"column":9}},"type":"if","locations":[{"start":{"line":168,"column":8},"end":{"line":180,"column":9}},{"start":{},"end":{}}],"line":168},"19":{"loc":{"start":{"line":168,"column":12},"end":{"line":168,"column":22}},"type":"binary-expr","locations":[{"start":{"line":168,"column":12},"end":{"line":168,"column":15}},{"start":{"line":168,"column":19},"end":{"line":168,"column":22}}],"line":168},"20":{"loc":{"start":{"line":211,"column":11},"end":{"line":211,"column":72}},"type":"cond-expr","locations":[{"start":{"line":211,"column":56},"end":{"line":211,"column":62}},{"start":{"line":211,"column":65},"end":{"line":211,"column":72}}],"line":211},"21":{"loc":{"start":{"line":219,"column":6},"end":{"line":221,"column":37}},"type":"cond-expr","locations":[{"start":{"line":220,"column":10},"end":{"line":220,"column":36}},{"start":{"line":221,"column":10},"end":{"line":221,"column":37}}],"line":219},"22":{"loc":{"start":{"line":227,"column":6},"end":{"line":228,"column":65}},"type":"binary-expr","locations":[{"start":{"line":227,"column":6},"end":{"line":227,"column":63}},{"start":{"line":228,"column":6},"end":{"line":228,"column":65}}],"line":227},"23":{"loc":{"start":{"line":233,"column":11},"end":{"line":235,"column":28}},"type":"cond-expr","locations":[{"start":{"line":234,"column":8},"end":{"line":234,"column":27}},{"start":{"line":235,"column":8},"end":{"line":235,"column":28}}],"line":233},"24":{"loc":{"start":{"line":233,"column":11},"end":{"line":233,"column":37}},"type":"binary-expr","locations":[{"start":{"line":233,"column":11},"end":{"line":233,"column":23}},{"start":{"line":233,"column":27},"end":{"line":233,"column":37}}],"line":233},"25":{"loc":{"start":{"line":239,"column":11},"end":{"line":241,"column":27}},"type":"cond-expr","locations":[{"start":{"line":240,"column":8},"end":{"line":240,"column":28}},{"start":{"line":241,"column":8},"end":{"line":241,"column":27}}],"line":239},"26":{"loc":{"start":{"line":239,"column":11},"end":{"line":239,"column":37}},"type":"binary-expr","locations":[{"start":{"line":239,"column":11},"end":{"line":239,"column":23}},{"start":{"line":239,"column":27},"end":{"line":239,"column":37}}],"line":239},"27":{"loc":{"start":{"line":245,"column":4},"end":{"line":247,"column":5}},"type":"if","locations":[{"start":{"line":245,"column":4},"end":{"line":247,"column":5}},{"start":{},"end":{}}],"line":245},"28":{"loc":{"start":{"line":248,"column":4},"end":{"line":257,"column":5}},"type":"switch","locations":[{"start":{"line":249,"column":6},"end":{"line":250,"column":19}},{"start":{"line":251,"column":6},"end":{"line":252,"column":69}},{"start":{"line":253,"column":6},"end":{"line":254,"column":69}},{"start":{"line":255,"column":6},"end":{"line":256,"column":17}}],"line":248},"29":{"loc":{"start":{"line":252,"column":15},"end":{"line":252,"column":68}},"type":"cond-expr","locations":[{"start":{"line":252,"column":60},"end":{"line":252,"column":63}},{"start":{"line":252,"column":66},"end":{"line":252,"column":68}}],"line":252},"30":{"loc":{"start":{"line":254,"column":15},"end":{"line":254,"column":68}},"type":"cond-expr","locations":[{"start":{"line":254,"column":60},"end":{"line":254,"column":62}},{"start":{"line":254,"column":65},"end":{"line":254,"column":68}}],"line":254},"31":{"loc":{"start":{"line":260,"column":2},"end":{"line":289,"column":3}},"type":"if","locations":[{"start":{"line":260,"column":2},"end":{"line":289,"column":3}},{"start":{"line":266,"column":9},"end":{"line":289,"column":3}}],"line":260},"32":{"loc":{"start":{"line":270,"column":10},"end":{"line":270,"column":77}},"type":"cond-expr","locations":[{"start":{"line":270,"column":25},"end":{"line":270,"column":49}},{"start":{"line":270,"column":52},"end":{"line":270,"column":77}}],"line":270}},"s":{"0":1,"1":1,"2":1,"3":1,"4":1,"5":1,"6":1,"7":1,"8":1,"9":1,"10":1,"11":0,"12":0,"13":0,"14":0,"15":0,"16":0,"17":0,"18":0,"19":0,"20":0,"21":0,"22":0,"23":0,"24":0,"25":0,"26":0,"27":0,"28":0,"29":0,"30":0,"31":0,"32":0,"33":0,"34":0,"35":0,"36":0,"37":0,"38":0,"39":0,"40":0,"41":0,"42":0,"43":0,"44":0,"45":0,"46":0,"47":0,"48":0,"49":0,"50":0,"51":0,"52":0,"53":0,"54":0,"55":0,"56":0,"57":0,"58":0,"59":0,"60":0,"61":0,"62":0,"63":0,"64":0,"65":0,"66":0,"67":0,"68":0,"69":0,"70":0,"71":0,"72":0,"73":0,"74":0,"75":0,"76":0,"77":0,"78":0,"79":0,"80":0,"81":0,"82":0,"83":0,"84":0,"85":0,"86":0,"87":0,"88":0,"89":0,"90":0,"91":0,"92":0,"93":0,"94":0,"95":0,"96":0,"97":0,"98":0,"99":0,"100":0,"101":0,"102":0,"103":0,"104":0,"105":0,"106":0,"107":1},"f":{"0":0,"1":0,"2":0,"3":0,"4":0,"5":0,"6":0,"7":0,"8":0,"9":0,"10":0,"11":0,"12":0,"13":0,"14":0,"15":0,"16":0,"17":0,"18":0,"19":0,"20":0,"21":0},"b":{"0":[1,0],"1":[1,0],"2":[0,0],"3":[0,0],"4":[0,0],"5":[0,0],"6":[0,0],"7":[0,0],"8":[0,0],"9":[0,0],"10":[0,0],"11":[0,0],"12":[0,0],"13":[0,0],"14":[0,0],"15":[0,0],"16":[0,0],"17":[0,0],"18":[0,0],"19":[0,0],"20":[0,0],"21":[0,0],"22":[0,0],"23":[0,0],"24":[0,0],"25":[0,0],"26":[0,0],"27":[0,0],"28":[0,0,0,0],"29":[0,0],"30":[0,0],"31":[0,0],"32":[0,0]},"_coverageSchema":"1a1c01bbd47fc00a2c39e90264f33305004495a9","hash":"8231736fb25c0a9633ac5ec90e203637815be9b0"}
,"C:\\Users\\2001l\\OneDrive\\Desktop\\GymPro\\Gym_Posture_Analyser\\Components\\Image-Carousel\\ImageCarouselScreen.jsx": {"path":"C:\\Users\\2001l\\OneDrive\\Desktop\\GymPro\\Gym_Posture_Analyser\\Components\\Image-Carousel\\ImageCarouselScreen.jsx","statementMap":{"0":{"start":{"line":12,"column":12},"end":{"line":43,"column":1}},"1":{"start":{"line":13,"column":2},"end":{"line":13,"column":36}},"2":{"start":{"line":14,"column":15},"end":{"line":35,"column":3}},"3":{"start":{"line":36,"column":2},"end":{"line":42,"column":4}},"4":{"start":{"line":47,"column":15},"end":{"line":58,"column":2}}},"fnMap":{"0":{"name":"(anonymous_0)","decl":{"start":{"line":12,"column":12},"end":{"line":12,"column":13}},"loc":{"start":{"line":12,"column":18},"end":{"line":43,"column":1}},"line":12}},"branchMap":{},"s":{"0":2,"1":0,"2":0,"3":0,"4":2},"f":{"0":0},"b":{},"_coverageSchema":"1a1c01bbd47fc00a2c39e90264f33305004495a9","hash":"3a75f1be8821ba2b5d156759c9165030783a1dff"}
,"C:\\Users\\2001l\\OneDrive\\Desktop\\GymPro\\Gym_Posture_Analyser\\Components\\Image-Carousel\\src\\components\\CustomImageCarousal.jsx": {"path":"C:\\Users\\2001l\\OneDrive\\Desktop\\GymPro\\Gym_Posture_Analyser\\Components\\Image-Carousel\\src\\components\\CustomImageCarousal.jsx","statementMap":{"0":{"start":{"line":10,"column":28},"end":{"line":89,"column":1}},"1":{"start":{"line":11,"column":2},"end":{"line":11,"column":43}},"2":{"start":{"line":12,"column":24},"end":{"line":12,"column":44}},"3":{"start":{"line":13,"column":19},"end":{"line":13,"column":27}},"4":{"start":{"line":14,"column":38},"end":{"line":14,"column":56}},"5":{"start":{"line":15,"column":20},"end":{"line":15,"column":41}},"6":{"start":{"line":16,"column":15},"end":{"line":16,"column":27}},"7":{"start":{"line":17,"column":12},"end":{"line":17,"column":29}},"8":{"start":{"line":18,"column":17},"end":{"line":18,"column":34}},"9":{"start":{"line":20,"column":19},"end":{"line":27,"column":4}},"10":{"start":{"line":22,"column":6},"end":{"line":22,"column":38}},"11":{"start":{"line":25,"column":6},"end":{"line":25,"column":39}},"12":{"start":{"line":29,"column":2},"end":{"line":46,"column":67}},"13":{"start":{"line":30,"column":4},"end":{"line":42,"column":5}},"14":{"start":{"line":31,"column":20},"end":{"line":31,"column":32}},"15":{"start":{"line":32,"column":6},"end":{"line":39,"column":15}},"16":{"start":{"line":33,"column":8},"end":{"line":37,"column":9}},"17":{"start":{"line":34,"column":10},"end":{"line":34,"column":22}},"18":{"start":{"line":36,"column":10},"end":{"line":36,"column":47}},"19":{"start":{"line":38,"column":8},"end":{"line":38,"column":61}},"20":{"start":{"line":41,"column":6},"end":{"line":41,"column":38}},"21":{"start":{"line":43,"column":4},"end":{"line":45,"column":6}},"22":{"start":{"line":44,"column":6},"end":{"line":44,"column":38}},"23":{"start":{"line":48,"column":2},"end":{"line":88,"column":4}},"24":{"start":{"line":54,"column":10},"end":{"line":54,"column":58}},"25":{"start":{"line":55,"column":10},"end":{"line":55,"column":31}},"26":{"start":{"line":58,"column":10},"end":{"line":58,"column":60}},"27":{"start":{"line":59,"column":10},"end":{"line":59,"column":34}},"28":{"start":{"line":69,"column":10},"end":{"line":83,"column":12}},"29":{"start":{"line":93,"column":15},"end":{"line":142,"column":2}}},"fnMap":{"0":{"name":"(anonymous_0)","decl":{"start":{"line":10,"column":28},"end":{"line":10,"column":29}},"loc":{"start":{"line":10,"column":64},"end":{"line":89,"column":1}},"line":10},"1":{"name":"(anonymous_1)","decl":{"start":{"line":21,"column":14},"end":{"line":21,"column":15}},"loc":{"start":{"line":21,"column":23},"end":{"line":23,"column":5}},"line":21},"2":{"name":"(anonymous_2)","decl":{"start":{"line":24,"column":19},"end":{"line":24,"column":20}},"loc":{"start":{"line":24,"column":24},"end":{"line":26,"column":5}},"line":24},"3":{"name":"(anonymous_3)","decl":{"start":{"line":29,"column":12},"end":{"line":29,"column":13}},"loc":{"start":{"line":29,"column":18},"end":{"line":46,"column":3}},"line":29},"4":{"name":"(anonymous_4)","decl":{"start":{"line":32,"column":37},"end":{"line":32,"column":38}},"loc":{"start":{"line":32,"column":43},"end":{"line":39,"column":7}},"line":32},"5":{"name":"(anonymous_5)","decl":{"start":{"line":43,"column":11},"end":{"line":43,"column":12}},"loc":{"start":{"line":43,"column":17},"end":{"line":45,"column":5}},"line":43},"6":{"name":"(anonymous_6)","decl":{"start":{"line":53,"column":27},"end":{"line":53,"column":28}},"loc":{"start":{"line":53,"column":33},"end":{"line":56,"column":9}},"line":53},"7":{"name":"(anonymous_7)","decl":{"start":{"line":57,"column":29},"end":{"line":57,"column":30}},"loc":{"start":{"line":57,"column":35},"end":{"line":60,"column":9}},"line":57},"8":{"name":"(anonymous_8)","decl":{"start":{"line":68,"column":18},"end":{"line":68,"column":19}},"loc":{"start":{"line":68,"column":35},"end":{"line":84,"column":9}},"line":68}},"branchMap":{"0":{"loc":{"start":{"line":30,"column":4},"end":{"line":42,"column":5}},"type":"if","locations":[{"start":{"line":30,"column":4},"end":{"line":42,"column":5}},{"start":{"line":40,"column":11},"end":{"line":42,"column":5}}],"line":30},"1":{"loc":{"start":{"line":33,"column":8},"end":{"line":37,"column":9}},"type":"if","locations":[{"start":{"line":33,"column":8},"end":{"line":37,"column":9}},{"start":{"line":35,"column":15},"end":{"line":37,"column":9}}],"line":33},"2":{"loc":{"start":{"line":86,"column":7},"end":{"line":86,"column":65}},"type":"binary-expr","locations":[{"start":{"line":86,"column":7},"end":{"line":86,"column":17}},{"start":{"line":86,"column":21},"end":{"line":86,"column":65}}],"line":86}},"s":{"0":2,"1":0,"2":0,"3":0,"4":0,"5":0,"6":0,"7":0,"8":0,"9":0,"10":0,"11":0,"12":0,"13":0,"14":0,"15":0,"16":0,"17":0,"18":0,"19":0,"20":0,"21":0,"22":0,"23":0,"24":0,"25":0,"26":0,"27":0,"28":0,"29":2},"f":{"0":0,"1":0,"2":0,"3":0,"4":0,"5":0,"6":0,"7":0,"8":0},"b":{"0":[0,0],"1":[0,0],"2":[0,0]},"_coverageSchema":"1a1c01bbd47fc00a2c39e90264f33305004495a9","hash":"04412e4a40905d9adb321fad5a7edbdba9492482"}
,"C:\\Users\\2001l\\OneDrive\\Desktop\\GymPro\\Gym_Posture_Analyser\\Components\\Image-Carousel\\src\\components\\Dot.jsx": {"path":"C:\\Users\\2001l\\OneDrive\\Desktop\\GymPro\\Gym_Posture_Analyser\\Components\\Image-Carousel\\src\\components\\Dot.jsx","statementMap":{"0":{"start":{"line":9,"column":12},"end":{"line":29,"column":1}},"1":{"start":{"line":10,"column":27},"end":{"line":27,"column":4}},"2":{"start":{"line":11,"column":27},"end":{"line":16,"column":5}},"3":{"start":{"line":17,"column":29},"end":{"line":22,"column":5}},"4":{"start":{"line":23,"column":4},"end":{"line":26,"column":6}},"5":{"start":{"line":28,"column":2},"end":{"line":28,"column":67}},"6":{"start":{"line":33,"column":15},"end":{"line":40,"column":2}}},"fnMap":{"0":{"name":"(anonymous_0)","decl":{"start":{"line":9,"column":12},"end":{"line":9,"column":13}},"loc":{"start":{"line":9,"column":34},"end":{"line":29,"column":1}},"line":9},"1":{"name":"(anonymous_1)","decl":{"start":{"line":10,"column":44},"end":{"line":10,"column":45}},"loc":{"start":{"line":10,"column":50},"end":{"line":27,"column":3}},"line":10}},"branchMap":{},"s":{"0":2,"1":0,"2":0,"3":0,"4":0,"5":0,"6":2},"f":{"0":0,"1":0},"b":{},"_coverageSchema":"1a1c01bbd47fc00a2c39e90264f33305004495a9","hash":"d8bdf82fd078d64b02e7a58fddd5cc462ba39db6"}
,"C:\\Users\\2001l\\OneDrive\\Desktop\\GymPro\\Gym_Posture_Analyser\\Components\\Image-Carousel\\src\\components\\Pagination.jsx": {"path":"C:\\Users\\2001l\\OneDrive\\Desktop\\GymPro\\Gym_Posture_Analyser\\Components\\Image-Carousel\\src\\components\\Pagination.jsx","statementMap":{"0":{"start":{"line":5,"column":19},"end":{"line":13,"column":1}},"1":{"start":{"line":6,"column":2},"end":{"line":12,"column":4}},"2":{"start":{"line":9,"column":8},"end":{"line":9,"column":58}},"3":{"start":{"line":17,"column":15},"end":{"line":24,"column":2}}},"fnMap":{"0":{"name":"(anonymous_0)","decl":{"start":{"line":5,"column":19},"end":{"line":5,"column":20}},"loc":{"start":{"line":5,"column":40},"end":{"line":13,"column":1}},"line":5},"1":{"name":"(anonymous_1)","decl":{"start":{"line":8,"column":16},"end":{"line":8,"column":17}},"loc":{"start":{"line":8,"column":26},"end":{"line":10,"column":7}},"line":8}},"branchMap":{},"s":{"0":2,"1":0,"2":0,"3":2},"f":{"0":0,"1":0},"b":{},"_coverageSchema":"1a1c01bbd47fc00a2c39e90264f33305004495a9","hash":"b360b9403e3249a5934c5ca0274b6213ddbc4f65"}
,"C:\\Users\\2001l\\OneDrive\\Desktop\\GymPro\\Gym_Posture_Analyser\\Components\\Profile\\Profile.jsx": {"path":"C:\\Users\\2001l\\OneDrive\\Desktop\\GymPro\\Gym_Posture_Analyser\\Components\\Profile\\Profile.jsx","statementMap":{"0":{"start":{"line":6,"column":15},"end":{"line":6,"column":25}},"1":{"start":{"line":7,"column":16},"end":{"line":7,"column":35}},"2":{"start":{"line":8,"column":19},"end":{"line":8,"column":31}},"3":{"start":{"line":9,"column":14},"end":{"line":9,"column":16}},"4":{"start":{"line":10,"column":17},"end":{"line":10,"column":20}},"5":{"start":{"line":11,"column":17},"end":{"line":11,"column":19}},"6":{"start":{"line":14,"column":27},"end":{"line":14,"column":64}},"7":{"start":{"line":15,"column":30},"end":{"line":15,"column":67}},"8":{"start":{"line":16,"column":22},"end":{"line":16,"column":59}},"9":{"start":{"line":19,"column":25},"end":{"line":24,"column":3}},"10":{"start":{"line":20,"column":4},"end":{"line":23,"column":15}},"11":{"start":{"line":26,"column":26},"end":{"line":32,"column":3}},"12":{"start":{"line":27,"column":4},"end":{"line":31,"column":15}},"13":{"start":{"line":34,"column":2},"end":{"line":98,"column":4}},"14":{"start":{"line":78,"column":25},"end":{"line":78,"column":60}},"15":{"start":{"line":85,"column":25},"end":{"line":85,"column":63}},"16":{"start":{"line":92,"column":25},"end":{"line":92,"column":54}},"17":{"start":{"line":102,"column":26},"end":{"line":116,"column":1}},"18":{"start":{"line":103,"column":2},"end":{"line":115,"column":4}},"19":{"start":{"line":106,"column":25},"end":{"line":106,"column":51}},"20":{"start":{"line":107,"column":26},"end":{"line":107,"column":53}},"21":{"start":{"line":119,"column":23},"end":{"line":124,"column":1}},"22":{"start":{"line":120,"column":2},"end":{"line":123,"column":13}},"23":{"start":{"line":126,"column":24},"end":{"line":132,"column":1}},"24":{"start":{"line":127,"column":2},"end":{"line":131,"column":13}},"25":{"start":{"line":134,"column":15},"end":{"line":245,"column":2}}},"fnMap":{"0":{"name":"Profile","decl":{"start":{"line":5,"column":24},"end":{"line":5,"column":31}},"loc":{"start":{"line":5,"column":42},"end":{"line":99,"column":1}},"line":5},"1":{"name":"(anonymous_1)","decl":{"start":{"line":19,"column":25},"end":{"line":19,"column":26}},"loc":{"start":{"line":19,"column":41},"end":{"line":24,"column":3}},"line":19},"2":{"name":"(anonymous_2)","decl":{"start":{"line":26,"column":26},"end":{"line":26,"column":27}},"loc":{"start":{"line":26,"column":42},"end":{"line":32,"column":3}},"line":26},"3":{"name":"(anonymous_3)","decl":{"start":{"line":78,"column":19},"end":{"line":78,"column":20}},"loc":{"start":{"line":78,"column":25},"end":{"line":78,"column":60}},"line":78},"4":{"name":"(anonymous_4)","decl":{"start":{"line":85,"column":19},"end":{"line":85,"column":20}},"loc":{"start":{"line":85,"column":25},"end":{"line":85,"column":63}},"line":85},"5":{"name":"(anonymous_5)","decl":{"start":{"line":92,"column":19},"end":{"line":92,"column":20}},"loc":{"start":{"line":92,"column":25},"end":{"line":92,"column":54}},"line":92},"6":{"name":"(anonymous_6)","decl":{"start":{"line":102,"column":26},"end":{"line":102,"column":27}},"loc":{"start":{"line":102,"column":73},"end":{"line":116,"column":1}},"line":102},"7":{"name":"(anonymous_7)","decl":{"start":{"line":106,"column":19},"end":{"line":106,"column":20}},"loc":{"start":{"line":106,"column":25},"end":{"line":106,"column":51}},"line":106},"8":{"name":"(anonymous_8)","decl":{"start":{"line":107,"column":20},"end":{"line":107,"column":21}},"loc":{"start":{"line":107,"column":26},"end":{"line":107,"column":53}},"line":107},"9":{"name":"(anonymous_9)","decl":{"start":{"line":119,"column":23},"end":{"line":119,"column":24}},"loc":{"start":{"line":119,"column":39},"end":{"line":124,"column":1}},"line":119},"10":{"name":"(anonymous_10)","decl":{"start":{"line":126,"column":24},"end":{"line":126,"column":25}},"loc":{"start":{"line":126,"column":40},"end":{"line":132,"column":1}},"line":126}},"branchMap":{},"s":{"0":1,"1":1,"2":1,"3":1,"4":1,"5":1,"6":1,"7":1,"8":1,"9":1,"10":0,"11":1,"12":0,"13":1,"14":0,"15":0,"16":0,"17":2,"18":3,"19":0,"20":0,"21":2,"22":0,"23":2,"24":0,"25":2},"f":{"0":1,"1":0,"2":0,"3":0,"4":0,"5":0,"6":3,"7":0,"8":0,"9":0,"10":0},"b":{},"_coverageSchema":"1a1c01bbd47fc00a2c39e90264f33305004495a9","hash":"cd1250b16907fbf98998a25127a59b0f1b24e0f6"}
,"C:\\Users\\2001l\\OneDrive\\Desktop\\GymPro\\Gym_Posture_Analyser\\assets\\image-placeholder.jpg": {"path":"C:\\Users\\2001l\\OneDrive\\Desktop\\GymPro\\Gym_Posture_Analyser\\assets\\image-placeholder.jpg","statementMap":{"0":{"start":{"line":1,"column":0},"end":{"line":4,"column":6}}},"fnMap":{},"branchMap":{},"s":{"0":2},"f":{},"b":{},"_coverageSchema":"1a1c01bbd47fc00a2c39e90264f33305004495a9","hash":"60b1b51b0228b9240143f5defd840f4e89e5f497"}
,"C:\\Users\\2001l\\OneDrive\\Desktop\\GymPro\\Gym_Posture_Analyser\\assets\\img-bicep.jpg": {"path":"C:\\Users\\2001l\\OneDrive\\Desktop\\GymPro\\Gym_Posture_Analyser\\assets\\img-bicep.jpg","statementMap":{"0":{"start":{"line":1,"column":0},"end":{"line":4,"column":6}}},"fnMap":{},"branchMap":{},"s":{"0":1},"f":{},"b":{},"_coverageSchema":"1a1c01bbd47fc00a2c39e90264f33305004495a9","hash":"cba123ddf3fb52956ecf065958bc9d287098dee9"}
,"C:\\Users\\2001l\\OneDrive\\Desktop\\GymPro\\Gym_Posture_Analyser\\assets\\img-plank.jpg": {"path":"C:\\Users\\2001l\\OneDrive\\Desktop\\GymPro\\Gym_Posture_Analyser\\assets\\img-plank.jpg","statementMap":{"0":{"start":{"line":1,"column":0},"end":{"line":4,"column":6}}},"fnMap":{},"branchMap":{},"s":{"0":1},"f":{},"b":{},"_coverageSchema":"1a1c01bbd47fc00a2c39e90264f33305004495a9","hash":"4ddb969e795d9dfd01f7c4b0f02cfcdef6743163"}
,"C:\\Users\\2001l\\OneDrive\\Desktop\\GymPro\\Gym_Posture_Analyser\\assets\\img-squat.jpg": {"path":"C:\\Users\\2001l\\OneDrive\\Desktop\\GymPro\\Gym_Posture_Analyser\\assets\\img-squat.jpg","statementMap":{"0":{"start":{"line":1,"column":0},"end":{"line":4,"column":6}}},"fnMap":{},"branchMap":{},"s":{"0":1},"f":{},"b":{},"_coverageSchema":"1a1c01bbd47fc00a2c39e90264f33305004495a9","hash":"6eb029360ad6a17eb117a3ab0132e27f32d0879a"}
,"C:\\Users\\2001l\\OneDrive\\Desktop\\GymPro\\Gym_Posture_Analyser\\assets\\latPullDown.jpg": {"path":"C:\\Users\\2001l\\OneDrive\\Desktop\\GymPro\\Gym_Posture_Analyser\\assets\\latPullDown.jpg","statementMap":{"0":{"start":{"line":1,"column":0},"end":{"line":4,"column":6}}},"fnMap":{},"branchMap":{},"s":{"0":1},"f":{},"b":{},"_coverageSchema":"1a1c01bbd47fc00a2c39e90264f33305004495a9","hash":"85f031c205841b0c288bd5541f7c6c4f51035678"}
,"C:\\Users\\2001l\\OneDrive\\Desktop\\GymPro\\Gym_Posture_Analyser\\assets\\logo.png": {"path":"C:\\Users\\2001l\\OneDrive\\Desktop\\GymPro\\Gym_Posture_Analyser\\assets\\logo.png","statementMap":{"0":{"start":{"line":1,"column":0},"end":{"line":4,"column":6}}},"fnMap":{},"branchMap":{},"s":{"0":1},"f":{},"b":{},"_coverageSchema":"1a1c01bbd47fc00a2c39e90264f33305004495a9","hash":"8b4147a725d7cda3ad967a25f63b4a599e35c934"}
,"C:\\Users\\2001l\\OneDrive\\Desktop\\GymPro\\Gym_Posture_Analyser\\assets\\pushup.jpg": {"path":"C:\\Users\\2001l\\OneDrive\\Desktop\\GymPro\\Gym_Posture_Analyser\\assets\\pushup.jpg","statementMap":{"0":{"start":{"line":1,"column":0},"end":{"line":4,"column":6}}},"fnMap":{},"branchMap":{},"s":{"0":1},"f":{},"b":{},"_coverageSchema":"1a1c01bbd47fc00a2c39e90264f33305004495a9","hash":"1e29d450d8cd37af306b30526bcda4a1f62d7990"}
,"C:\\Users\\2001l\\OneDrive\\Desktop\\GymPro\\Gym_Posture_Analyser\\assets\\Loading_Screen\\loading.jpg": {"path":"C:\\Users\\2001l\\OneDrive\\Desktop\\GymPro\\Gym_Posture_Analyser\\assets\\Loading_Screen\\loading.jpg","statementMap":{"0":{"start":{"line":1,"column":0},"end":{"line":4,"column":6}}},"fnMap":{},"branchMap":{},"s":{"0":1},"f":{},"b":{},"_coverageSchema":"1a1c01bbd47fc00a2c39e90264f33305004495a9","hash":"b9517483282f689d6e6a51c8fc8fe3c43a05eba9"}
,"C:\\Users\\2001l\\OneDrive\\Desktop\\GymPro\\Gym_Posture_Analyser\\assets\\home_screen\\thumb_1.jpg": {"path":"C:\\Users\\2001l\\OneDrive\\Desktop\\GymPro\\Gym_Posture_Analyser\\assets\\home_screen\\thumb_1.jpg","statementMap":{"0":{"start":{"line":1,"column":0},"end":{"line":4,"column":6}}},"fnMap":{},"branchMap":{},"s":{"0":1},"f":{},"b":{},"_coverageSchema":"1a1c01bbd47fc00a2c39e90264f33305004495a9","hash":"b378ecfebfcf7636540c342236a925dce4718775"}
,"C:\\Users\\2001l\\OneDrive\\Desktop\\GymPro\\Gym_Posture_Analyser\\assets\\home_screen\\thumb_2.jpg": {"path":"C:\\Users\\2001l\\OneDrive\\Desktop\\GymPro\\Gym_Posture_Analyser\\assets\\home_screen\\thumb_2.jpg","statementMap":{"0":{"start":{"line":1,"column":0},"end":{"line":4,"column":6}}},"fnMap":{},"branchMap":{},"s":{"0":1},"f":{},"b":{},"_coverageSchema":"1a1c01bbd47fc00a2c39e90264f33305004495a9","hash":"028cf25300125bc0c4a0b3a7785d7268e834c399"}
,"C:\\Users\\2001l\\OneDrive\\Desktop\\GymPro\\Gym_Posture_Analyser\\assets\\home_screen\\thumb_3.jpg": {"path":"C:\\Users\\2001l\\OneDrive\\Desktop\\GymPro\\Gym_Posture_Analyser\\assets\\home_screen\\thumb_3.jpg","statementMap":{"0":{"start":{"line":1,"column":0},"end":{"line":4,"column":6}}},"fnMap":{},"branchMap":{},"s":{"0":1},"f":{},"b":{},"_coverageSchema":"1a1c01bbd47fc00a2c39e90264f33305004495a9","hash":"148bbd981783b3c02a7a32b66e7242552f227481"}
,"C:\\Users\\2001l\\OneDrive\\Desktop\\GymPro\\Gym_Posture_Analyser\\assets\\profileIcons\\Component_39.png": {"path":"C:\\Users\\2001l\\OneDrive\\Desktop\\GymPro\\Gym_Posture_Analyser\\assets\\profileIcons\\Component_39.png","statementMap":{"0":{"start":{"line":1,"column":0},"end":{"line":4,"column":6}}},"fnMap":{},"branchMap":{},"s":{"0":1},"f":{},"b":{},"_coverageSchema":"1a1c01bbd47fc00a2c39e90264f33305004495a9","hash":"8adae17ebfe8965d22229996455d97522367a316"}
,"C:\\Users\\2001l\\OneDrive\\Desktop\\GymPro\\Gym_Posture_Analyser\\assets\\profileIcons\\Component_41.png": {"path":"C:\\Users\\2001l\\OneDrive\\Desktop\\GymPro\\Gym_Posture_Analyser\\assets\\profileIcons\\Component_41.png","statementMap":{"0":{"start":{"line":1,"column":0},"end":{"line":4,"column":6}}},"fnMap":{},"branchMap":{},"s":{"0":1},"f":{},"b":{},"_coverageSchema":"1a1c01bbd47fc00a2c39e90264f33305004495a9","hash":"cbb004e4d66e7159a52ff68ea9acdb5095bae2f2"}
,"C:\\Users\\2001l\\OneDrive\\Desktop\\GymPro\\Gym_Posture_Analyser\\assets\\profileIcons\\Component_44.png": {"path":"C:\\Users\\2001l\\OneDrive\\Desktop\\GymPro\\Gym_Posture_Analyser\\assets\\profileIcons\\Component_44.png","statementMap":{"0":{"start":{"line":1,"column":0},"end":{"line":4,"column":6}}},"fnMap":{},"branchMap":{},"s":{"0":1},"f":{},"b":{},"_coverageSchema":"1a1c01bbd47fc00a2c39e90264f33305004495a9","hash":"f967c6e89894b6da1a5265a72c37264d262526fb"}
,"C:\\Users\\2001l\\OneDrive\\Desktop\\GymPro\\Gym_Posture_Analyser\\offline_model\\lat_pull_down_class\\Model_Loader_Lat_Pull_Down.tsx": {"path":"C:\\Users\\2001l\\OneDrive\\Desktop\\GymPro\\Gym_Posture_Analyser\\offline_model\\lat_pull_down_class\\Model_Loader_Lat_Pull_Down.tsx","statementMap":{"0":{"start":{"line":4,"column":18},"end":{"line":4,"column":53}},"1":{"start":{"line":5,"column":21},"end":{"line":5,"column":57}},"2":{"start":{"line":7,"column":35},"end":{"line":7,"column":39}},"3":{"start":{"line":10,"column":2},"end":{"line":10,"column":19}},"4":{"start":{"line":11,"column":2},"end":{"line":20,"column":3}},"5":{"start":{"line":12,"column":4},"end":{"line":19,"column":5}},"6":{"start":{"line":13,"column":6},"end":{"line":13,"column":38}},"7":{"start":{"line":14,"column":6},"end":{"line":14,"column":82}},"8":{"start":{"line":15,"column":6},"end":{"line":15,"column":47}},"9":{"start":{"line":17,"column":6},"end":{"line":17,"column":51}},"10":{"start":{"line":18,"column":6},"end":{"line":18,"column":46}},"11":{"start":{"line":21,"column":2},"end":{"line":21,"column":15}},"12":{"start":{"line":25,"column":2},"end":{"line":27,"column":3}},"13":{"start":{"line":26,"column":4},"end":{"line":26,"column":69}},"14":{"start":{"line":29,"column":25},"end":{"line":29,"column":52}},"15":{"start":{"line":31,"column":2},"end":{"line":38,"column":3}},"16":{"start":{"line":32,"column":23},"end":{"line":32,"column":52}},"17":{"start":{"line":33,"column":28},"end":{"line":33,"column":52}},"18":{"start":{"line":34,"column":4},"end":{"line":34,"column":30}},"19":{"start":{"line":36,"column":4},"end":{"line":36,"column":53}},"20":{"start":{"line":37,"column":4},"end":{"line":37,"column":41}}},"fnMap":{"0":{"name":"loadModel","decl":{"start":{"line":9,"column":22},"end":{"line":9,"column":31}},"loc":{"start":{"line":9,"column":34},"end":{"line":22,"column":1}},"line":9},"1":{"name":"predict","decl":{"start":{"line":24,"column":22},"end":{"line":24,"column":29}},"loc":{"start":{"line":24,"column":43},"end":{"line":39,"column":1}},"line":24}},"branchMap":{"0":{"loc":{"start":{"line":11,"column":2},"end":{"line":20,"column":3}},"type":"if","locations":[{"start":{"line":11,"column":2},"end":{"line":20,"column":3}},{"start":{},"end":{}}],"line":11},"1":{"loc":{"start":{"line":25,"column":2},"end":{"line":27,"column":3}},"type":"if","locations":[{"start":{"line":25,"column":2},"end":{"line":27,"column":3}},{"start":{},"end":{}}],"line":25}},"s":{"0":1,"1":1,"2":1,"3":0,"4":0,"5":0,"6":0,"7":0,"8":0,"9":0,"10":0,"11":0,"12":0,"13":0,"14":0,"15":0,"16":0,"17":0,"18":0,"19":0,"20":0},"f":{"0":0,"1":0},"b":{"0":[0,0],"1":[0,0]},"_coverageSchema":"1a1c01bbd47fc00a2c39e90264f33305004495a9","hash":"1e45820f885bfddb81ed913a7f6c2be5d2fb1778"}
,"C:\\Users\\2001l\\OneDrive\\Desktop\\GymPro\\Gym_Posture_Analyser\\offline_model\\plank_class\\Model_Loader_Plank.tsx": {"path":"C:\\Users\\2001l\\OneDrive\\Desktop\\GymPro\\Gym_Posture_Analyser\\offline_model\\plank_class\\Model_Loader_Plank.tsx","statementMap":{"0":{"start":{"line":4,"column":18},"end":{"line":4,"column":47}},"1":{"start":{"line":5,"column":21},"end":{"line":5,"column":51}},"2":{"start":{"line":7,"column":35},"end":{"line":7,"column":39}},"3":{"start":{"line":10,"column":2},"end":{"line":10,"column":19}},"4":{"start":{"line":11,"column":2},"end":{"line":20,"column":3}},"5":{"start":{"line":12,"column":4},"end":{"line":19,"column":5}},"6":{"start":{"line":13,"column":6},"end":{"line":13,"column":38}},"7":{"start":{"line":14,"column":6},"end":{"line":14,"column":82}},"8":{"start":{"line":15,"column":6},"end":{"line":15,"column":47}},"9":{"start":{"line":17,"column":6},"end":{"line":17,"column":51}},"10":{"start":{"line":18,"column":6},"end":{"line":18,"column":46}},"11":{"start":{"line":21,"column":2},"end":{"line":21,"column":15}},"12":{"start":{"line":25,"column":2},"end":{"line":27,"column":3}},"13":{"start":{"line":26,"column":4},"end":{"line":26,"column":69}},"14":{"start":{"line":29,"column":25},"end":{"line":29,"column":52}},"15":{"start":{"line":31,"column":2},"end":{"line":38,"column":3}},"16":{"start":{"line":32,"column":23},"end":{"line":32,"column":52}},"17":{"start":{"line":33,"column":28},"end":{"line":33,"column":52}},"18":{"start":{"line":34,"column":4},"end":{"line":34,"column":30}},"19":{"start":{"line":36,"column":4},"end":{"line":36,"column":53}},"20":{"start":{"line":37,"column":4},"end":{"line":37,"column":41}}},"fnMap":{"0":{"name":"loadModel","decl":{"start":{"line":9,"column":22},"end":{"line":9,"column":31}},"loc":{"start":{"line":9,"column":34},"end":{"line":22,"column":1}},"line":9},"1":{"name":"predict","decl":{"start":{"line":24,"column":22},"end":{"line":24,"column":29}},"loc":{"start":{"line":24,"column":43},"end":{"line":39,"column":1}},"line":24}},"branchMap":{"0":{"loc":{"start":{"line":11,"column":2},"end":{"line":20,"column":3}},"type":"if","locations":[{"start":{"line":11,"column":2},"end":{"line":20,"column":3}},{"start":{},"end":{}}],"line":11},"1":{"loc":{"start":{"line":25,"column":2},"end":{"line":27,"column":3}},"type":"if","locations":[{"start":{"line":25,"column":2},"end":{"line":27,"column":3}},{"start":{},"end":{}}],"line":25}},"s":{"0":1,"1":1,"2":1,"3":0,"4":0,"5":0,"6":0,"7":0,"8":0,"9":0,"10":0,"11":0,"12":0,"13":0,"14":0,"15":0,"16":0,"17":0,"18":0,"19":0,"20":0},"f":{"0":0,"1":0},"b":{"0":[0,0],"1":[0,0]},"_coverageSchema":"1a1c01bbd47fc00a2c39e90264f33305004495a9","hash":"e134d225a643dc673c1a1ad7ea18f5c4521c9b90"}
,"C:\\Users\\2001l\\OneDrive\\Desktop\\GymPro\\Gym_Posture_Analyser\\offline_model\\pushup_class\\Model_Loader_Push_Up.tsx": {"path":"C:\\Users\\2001l\\OneDrive\\Desktop\\GymPro\\Gym_Posture_Analyser\\offline_model\\pushup_class\\Model_Loader_Push_Up.tsx","statementMap":{"0":{"start":{"line":4,"column":18},"end":{"line":4,"column":48}},"1":{"start":{"line":5,"column":21},"end":{"line":5,"column":52}},"2":{"start":{"line":7,"column":35},"end":{"line":7,"column":39}},"3":{"start":{"line":10,"column":2},"end":{"line":10,"column":19}},"4":{"start":{"line":11,"column":2},"end":{"line":20,"column":3}},"5":{"start":{"line":12,"column":4},"end":{"line":19,"column":5}},"6":{"start":{"line":13,"column":6},"end":{"line":13,"column":38}},"7":{"start":{"line":14,"column":6},"end":{"line":14,"column":82}},"8":{"start":{"line":15,"column":6},"end":{"line":15,"column":47}},"9":{"start":{"line":17,"column":6},"end":{"line":17,"column":51}},"10":{"start":{"line":18,"column":6},"end":{"line":18,"column":46}},"11":{"start":{"line":21,"column":2},"end":{"line":21,"column":15}},"12":{"start":{"line":25,"column":2},"end":{"line":27,"column":3}},"13":{"start":{"line":26,"column":4},"end":{"line":26,"column":69}},"14":{"start":{"line":29,"column":25},"end":{"line":29,"column":53}},"15":{"start":{"line":31,"column":2},"end":{"line":38,"column":3}},"16":{"start":{"line":32,"column":23},"end":{"line":32,"column":52}},"17":{"start":{"line":33,"column":28},"end":{"line":33,"column":52}},"18":{"start":{"line":34,"column":4},"end":{"line":34,"column":30}},"19":{"start":{"line":36,"column":4},"end":{"line":36,"column":53}},"20":{"start":{"line":37,"column":4},"end":{"line":37,"column":41}}},"fnMap":{"0":{"name":"loadModel","decl":{"start":{"line":9,"column":22},"end":{"line":9,"column":31}},"loc":{"start":{"line":9,"column":34},"end":{"line":22,"column":1}},"line":9},"1":{"name":"predict","decl":{"start":{"line":24,"column":22},"end":{"line":24,"column":29}},"loc":{"start":{"line":24,"column":43},"end":{"line":39,"column":1}},"line":24}},"branchMap":{"0":{"loc":{"start":{"line":11,"column":2},"end":{"line":20,"column":3}},"type":"if","locations":[{"start":{"line":11,"column":2},"end":{"line":20,"column":3}},{"start":{},"end":{}}],"line":11},"1":{"loc":{"start":{"line":25,"column":2},"end":{"line":27,"column":3}},"type":"if","locations":[{"start":{"line":25,"column":2},"end":{"line":27,"column":3}},{"start":{},"end":{}}],"line":25}},"s":{"0":1,"1":1,"2":1,"3":0,"4":0,"5":0,"6":0,"7":0,"8":0,"9":0,"10":0,"11":0,"12":0,"13":0,"14":0,"15":0,"16":0,"17":0,"18":0,"19":0,"20":0},"f":{"0":0,"1":0},"b":{"0":[0,0],"1":[0,0]},"_coverageSchema":"1a1c01bbd47fc00a2c39e90264f33305004495a9","hash":"6d2279cbd931a0d690447a5dbd9143033ce830fa"}
,"C:\\Users\\2001l\\OneDrive\\Desktop\\GymPro\\Gym_Posture_Analyser\\offline_model\\squat_class\\Model_Loader_Squat.tsx": {"path":"C:\\Users\\2001l\\OneDrive\\Desktop\\GymPro\\Gym_Posture_Analyser\\offline_model\\squat_class\\Model_Loader_Squat.tsx","statementMap":{"0":{"start":{"line":4,"column":18},"end":{"line":4,"column":47}},"1":{"start":{"line":5,"column":21},"end":{"line":5,"column":51}},"2":{"start":{"line":7,"column":35},"end":{"line":7,"column":39}},"3":{"start":{"line":10,"column":2},"end":{"line":10,"column":19}},"4":{"start":{"line":11,"column":2},"end":{"line":20,"column":3}},"5":{"start":{"line":12,"column":4},"end":{"line":19,"column":5}},"6":{"start":{"line":13,"column":6},"end":{"line":13,"column":38}},"7":{"start":{"line":14,"column":6},"end":{"line":14,"column":82}},"8":{"start":{"line":15,"column":6},"end":{"line":15,"column":47}},"9":{"start":{"line":17,"column":6},"end":{"line":17,"column":51}},"10":{"start":{"line":18,"column":6},"end":{"line":18,"column":46}},"11":{"start":{"line":21,"column":2},"end":{"line":21,"column":15}},"12":{"start":{"line":25,"column":2},"end":{"line":27,"column":3}},"13":{"start":{"line":26,"column":4},"end":{"line":26,"column":69}},"14":{"start":{"line":29,"column":25},"end":{"line":29,"column":52}},"15":{"start":{"line":31,"column":2},"end":{"line":38,"column":3}},"16":{"start":{"line":32,"column":23},"end":{"line":32,"column":52}},"17":{"start":{"line":33,"column":28},"end":{"line":33,"column":52}},"18":{"start":{"line":34,"column":4},"end":{"line":34,"column":30}},"19":{"start":{"line":36,"column":4},"end":{"line":36,"column":53}},"20":{"start":{"line":37,"column":4},"end":{"line":37,"column":41}}},"fnMap":{"0":{"name":"loadModel","decl":{"start":{"line":9,"column":22},"end":{"line":9,"column":31}},"loc":{"start":{"line":9,"column":34},"end":{"line":22,"column":1}},"line":9},"1":{"name":"predict","decl":{"start":{"line":24,"column":22},"end":{"line":24,"column":29}},"loc":{"start":{"line":24,"column":43},"end":{"line":39,"column":1}},"line":24}},"branchMap":{"0":{"loc":{"start":{"line":11,"column":2},"end":{"line":20,"column":3}},"type":"if","locations":[{"start":{"line":11,"column":2},"end":{"line":20,"column":3}},{"start":{},"end":{}}],"line":11},"1":{"loc":{"start":{"line":25,"column":2},"end":{"line":27,"column":3}},"type":"if","locations":[{"start":{"line":25,"column":2},"end":{"line":27,"column":3}},{"start":{},"end":{}}],"line":25}},"s":{"0":1,"1":1,"2":1,"3":0,"4":0,"5":0,"6":0,"7":0,"8":0,"9":0,"10":0,"11":0,"12":0,"13":0,"14":0,"15":0,"16":0,"17":0,"18":0,"19":0,"20":0},"f":{"0":0,"1":0},"b":{"0":[0,0],"1":[0,0]},"_coverageSchema":"1a1c01bbd47fc00a2c39e90264f33305004495a9","hash":"8d643381606b38fb833d997db1159ffcb164e45f"}
,"C:\\Users\\2001l\\OneDrive\\Desktop\\GymPro\\Gym_Posture_Analyser\\pages\\Graph.jsx": {"path":"C:\\Users\\2001l\\OneDrive\\Desktop\\GymPro\\Gym_Posture_Analyser\\pages\\Graph.jsx","statementMap":{"0":{"start":{"line":5,"column":14},"end":{"line":58,"column":1}},"1":{"start":{"line":6,"column":4},"end":{"line":6,"column":32}},"2":{"start":{"line":7,"column":21},"end":{"line":7,"column":51}},"3":{"start":{"line":9,"column":15},"end":{"line":26,"column":3}},"4":{"start":{"line":28,"column":24},"end":{"line":35,"column":3}},"5":{"start":{"line":29,"column":4},"end":{"line":34,"column":6}},"6":{"start":{"line":37,"column":2},"end":{"line":57,"column":4}},"7":{"start":{"line":60,"column":15},"end":{"line":71,"column":2}}},"fnMap":{"0":{"name":"(anonymous_0)","decl":{"start":{"line":5,"column":14},"end":{"line":5,"column":15}},"loc":{"start":{"line":5,"column":20},"end":{"line":58,"column":1}},"line":5},"1":{"name":"(anonymous_1)","decl":{"start":{"line":28,"column":24},"end":{"line":28,"column":25}},"loc":{"start":{"line":28,"column":34},"end":{"line":35,"column":3}},"line":28}},"branchMap":{},"s":{"0":2,"1":1,"2":1,"3":1,"4":1,"5":0,"6":1,"7":2},"f":{"0":1,"1":0},"b":{},"_coverageSchema":"1a1c01bbd47fc00a2c39e90264f33305004495a9","hash":"84fa6570fc8656093927468e11ff38373c5147c7"}
,"C:\\Users\\2001l\\OneDrive\\Desktop\\GymPro\\Gym_Posture_Analyser\\pages\\Home.jsx": {"path":"C:\\Users\\2001l\\OneDrive\\Desktop\\GymPro\\Gym_Posture_Analyser\\pages\\Home.jsx","statementMap":{"0":{"start":{"line":8,"column":15},"end":{"line":8,"column":21}},"1":{"start":{"line":10,"column":21},"end":{"line":10,"column":36}},"2":{"start":{"line":11,"column":29},"end":{"line":13,"column":3}},"3":{"start":{"line":12,"column":4},"end":{"line":12,"column":37}},"4":{"start":{"line":15,"column":2},"end":{"line":76,"column":4}},"5":{"start":{"line":27,"column":63},"end":{"line":27,"column":92}},"6":{"start":{"line":42,"column":63},"end":{"line":42,"column":94}},"7":{"start":{"line":57,"column":63},"end":{"line":57,"column":94}},"8":{"start":{"line":79,"column":15},"end":{"line":139,"column":2}}},"fnMap":{"0":{"name":"Home","decl":{"start":{"line":7,"column":24},"end":{"line":7,"column":28}},"loc":{"start":{"line":7,"column":31},"end":{"line":77,"column":1}},"line":7},"1":{"name":"(anonymous_1)","decl":{"start":{"line":11,"column":29},"end":{"line":11,"column":30}},"loc":{"start":{"line":11,"column":46},"end":{"line":13,"column":3}},"line":11},"2":{"name":"(anonymous_2)","decl":{"start":{"line":27,"column":57},"end":{"line":27,"column":58}},"loc":{"start":{"line":27,"column":63},"end":{"line":27,"column":92}},"line":27},"3":{"name":"(anonymous_3)","decl":{"start":{"line":42,"column":57},"end":{"line":42,"column":58}},"loc":{"start":{"line":42,"column":63},"end":{"line":42,"column":94}},"line":42},"4":{"name":"(anonymous_4)","decl":{"start":{"line":57,"column":57},"end":{"line":57,"column":58}},"loc":{"start":{"line":57,"column":63},"end":{"line":57,"column":94}},"line":57}},"branchMap":{},"s":{"0":2,"1":2,"2":2,"3":1,"4":2,"5":1,"6":0,"7":0,"8":2},"f":{"0":2,"1":1,"2":1,"3":0,"4":0},"b":{},"_coverageSchema":"1a1c01bbd47fc00a2c39e90264f33305004495a9","hash":"ce8cf18da30e37bad445748a9e7a6acd3266508c"}
,"C:\\Users\\2001l\\OneDrive\\Desktop\\GymPro\\Gym_Posture_Analyser\\pages\\SignIn.jsx": {"path":"C:\\Users\\2001l\\OneDrive\\Desktop\\GymPro\\Gym_Posture_Analyser\\pages\\SignIn.jsx","statementMap":{"0":{"start":{"line":3,"column":13},"end":{"line":3,"column":42}},"1":{"start":{"line":8,"column":18},"end":{"line":133,"column":1}},"2":{"start":{"line":9,"column":30},"end":{"line":9,"column":45}},"3":{"start":{"line":10,"column":36},"end":{"line":10,"column":48}},"4":{"start":{"line":11,"column":36},"end":{"line":11,"column":48}},"5":{"start":{"line":12,"column":32},"end":{"line":12,"column":74}},"6":{"start":{"line":13,"column":41},"end":{"line":13,"column":53}},"7":{"start":{"line":14,"column":24},"end":{"line":14,"column":61}},"8":{"start":{"line":16,"column":4},"end":{"line":19,"column":28}},"9":{"start":{"line":17,"column":8},"end":{"line":17,"column":28}},"10":{"start":{"line":18,"column":8},"end":{"line":18,"column":32}},"11":{"start":{"line":21,"column":26},"end":{"line":26,"column":5}},"12":{"start":{"line":22,"column":8},"end":{"line":25,"column":19}},"13":{"start":{"line":28,"column":27},"end":{"line":33,"column":5}},"14":{"start":{"line":29,"column":8},"end":{"line":32,"column":19}},"15":{"start":{"line":35,"column":32},"end":{"line":51,"column":7}},"16":{"start":{"line":36,"column":25},"end":{"line":39,"column":9}},"17":{"start":{"line":42,"column":8},"end":{"line":48,"column":11}},"18":{"start":{"line":43,"column":10},"end":{"line":45,"column":11}},"19":{"start":{"line":44,"column":12},"end":{"line":44,"column":39}},"20":{"start":{"line":47,"column":10},"end":{"line":47,"column":52}},"21":{"start":{"line":49,"column":8},"end":{"line":49,"column":30}},"22":{"start":{"line":50,"column":8},"end":{"line":50,"column":28}},"23":{"start":{"line":53,"column":25},"end":{"line":87,"column":5}},"24":{"start":{"line":54,"column":8},"end":{"line":54,"column":30}},"25":{"start":{"line":55,"column":8},"end":{"line":55,"column":31}},"26":{"start":{"line":56,"column":8},"end":{"line":56,"column":52}},"27":{"start":{"line":57,"column":8},"end":{"line":57,"column":26}},"28":{"start":{"line":58,"column":8},"end":{"line":86,"column":9}},"29":{"start":{"line":59,"column":12},"end":{"line":59,"column":75}},"30":{"start":{"line":60,"column":29},"end":{"line":60,"column":132}},"31":{"start":{"line":62,"column":25},"end":{"line":62,"column":38}},"32":{"start":{"line":63,"column":26},"end":{"line":63,"column":36}},"33":{"start":{"line":64,"column":12},"end":{"line":66,"column":13}},"34":{"start":{"line":65,"column":16},"end":{"line":65,"column":62}},"35":{"start":{"line":67,"column":12},"end":{"line":67,"column":23}},"36":{"start":{"line":69,"column":12},"end":{"line":85,"column":15}},"37":{"start":{"line":70,"column":29},"end":{"line":70,"column":48}},"38":{"start":{"line":71,"column":16},"end":{"line":80,"column":17}},"39":{"start":{"line":72,"column":18},"end":{"line":72,"column":51}},"40":{"start":{"line":75,"column":40},"end":{"line":75,"column":53}},"41":{"start":{"line":76,"column":20},"end":{"line":78,"column":21}},"42":{"start":{"line":77,"column":24},"end":{"line":77,"column":93}},"43":{"start":{"line":79,"column":20},"end":{"line":79,"column":43}},"44":{"start":{"line":83,"column":16},"end":{"line":83,"column":69}},"45":{"start":{"line":84,"column":16},"end":{"line":84,"column":86}},"46":{"start":{"line":89,"column":4},"end":{"line":132,"column":6}},"47":{"start":{"line":98,"column":121},"end":{"line":98,"column":138}},"48":{"start":{"line":101,"column":20},"end":{"line":101,"column":76}},"49":{"start":{"line":107,"column":20},"end":{"line":107,"column":76}},"50":{"start":{"line":137,"column":15},"end":{"line":259,"column":2}}},"fnMap":{"0":{"name":"(anonymous_0)","decl":{"start":{"line":8,"column":18},"end":{"line":8,"column":19}},"loc":{"start":{"line":8,"column":64},"end":{"line":133,"column":1}},"line":8},"1":{"name":"(anonymous_1)","decl":{"start":{"line":16,"column":14},"end":{"line":16,"column":15}},"loc":{"start":{"line":16,"column":20},"end":{"line":19,"column":5}},"line":16},"2":{"name":"(anonymous_2)","decl":{"start":{"line":21,"column":26},"end":{"line":21,"column":27}},"loc":{"start":{"line":21,"column":32},"end":{"line":26,"column":5}},"line":21},"3":{"name":"(anonymous_3)","decl":{"start":{"line":28,"column":27},"end":{"line":28,"column":28}},"loc":{"start":{"line":28,"column":33},"end":{"line":33,"column":5}},"line":28},"4":{"name":"(anonymous_4)","decl":{"start":{"line":35,"column":32},"end":{"line":35,"column":33}},"loc":{"start":{"line":35,"column":52},"end":{"line":51,"column":7}},"line":35},"5":{"name":"(anonymous_5)","decl":{"start":{"line":42,"column":31},"end":{"line":42,"column":32}},"loc":{"start":{"line":42,"column":42},"end":{"line":48,"column":9}},"line":42},"6":{"name":"(anonymous_6)","decl":{"start":{"line":53,"column":25},"end":{"line":53,"column":26}},"loc":{"start":{"line":53,"column":42},"end":{"line":87,"column":5}},"line":53},"7":{"name":"(anonymous_7)","decl":{"start":{"line":98,"column":111},"end":{"line":98,"column":112}},"loc":{"start":{"line":98,"column":121},"end":{"line":98,"column":138}},"line":98},"8":{"name":"(anonymous_8)","decl":{"start":{"line":100,"column":107},"end":{"line":100,"column":108}},"loc":{"start":{"line":101,"column":20},"end":{"line":101,"column":76}},"line":101},"9":{"name":"(anonymous_9)","decl":{"start":{"line":106,"column":86},"end":{"line":106,"column":87}},"loc":{"start":{"line":107,"column":20},"end":{"line":107,"column":76}},"line":107}},"branchMap":{"0":{"loc":{"start":{"line":43,"column":10},"end":{"line":45,"column":11}},"type":"if","locations":[{"start":{"line":43,"column":10},"end":{"line":45,"column":11}},{"start":{},"end":{}}],"line":43},"1":{"loc":{"start":{"line":64,"column":12},"end":{"line":66,"column":13}},"type":"if","locations":[{"start":{"line":64,"column":12},"end":{"line":66,"column":13}},{"start":{},"end":{}}],"line":64},"2":{"loc":{"start":{"line":69,"column":12},"end":{"line":85,"column":15}},"type":"if","locations":[{"start":{"line":69,"column":12},"end":{"line":85,"column":15}},{"start":{"line":81,"column":21},"end":{"line":85,"column":15}}],"line":69},"3":{"loc":{"start":{"line":69,"column":16},"end":{"line":69,"column":63}},"type":"binary-expr","locations":[{"start":{"line":69,"column":16},"end":{"line":69,"column":30}},{"start":{"line":69,"column":34},"end":{"line":69,"column":63}}],"line":69},"4":{"loc":{"start":{"line":71,"column":16},"end":{"line":80,"column":17}},"type":"if","locations":[{"start":{"line":71,"column":16},"end":{"line":80,"column":17}},{"start":{"line":74,"column":22},"end":{"line":80,"column":17}}],"line":71},"5":{"loc":{"start":{"line":76,"column":20},"end":{"line":78,"column":21}},"type":"if","locations":[{"start":{"line":76,"column":20},"end":{"line":78,"column":21}},{"start":{},"end":{}}],"line":76},"6":{"loc":{"start":{"line":100,"column":17},"end":{"line":102,"column":18}},"type":"binary-expr","locations":[{"start":{"line":100,"column":17},"end":{"line":100,"column":39}},{"start":{"line":100,"column":43},"end":{"line":100,"column":76}},{"start":{"line":100,"column":80},"end":{"line":102,"column":18}}],"line":100},"7":{"loc":{"start":{"line":106,"column":17},"end":{"line":108,"column":18}},"type":"binary-expr","locations":[{"start":{"line":106,"column":17},"end":{"line":106,"column":32}},{"start":{"line":106,"column":36},"end":{"line":106,"column":62}},{"start":{"line":106,"column":66},"end":{"line":108,"column":18}}],"line":106},"8":{"loc":{"start":{"line":128,"column":13},"end":{"line":128,"column":87}},"type":"binary-expr","locations":[{"start":{"line":128,"column":13},"end":{"line":128,"column":30}},{"start":{"line":128,"column":34},"end":{"line":128,"column":87}}],"line":128}},"s":{"0":1,"1":1,"2":0,"3":0,"4":0,"5":0,"6":0,"7":0,"8":0,"9":0,"10":0,"11":0,"12":0,"13":0,"14":0,"15":0,"16":0,"17":0,"18":0,"19":0,"20":0,"21":0,"22":0,"23":0,"24":0,"25":0,"26":0,"27":0,"28":0,"29":0,"30":0,"31":0,"32":0,"33":0,"34":0,"35":0,"36":0,"37":0,"38":0,"39":0,"40":0,"41":0,"42":0,"43":0,"44":0,"45":0,"46":0,"47":0,"48":0,"49":0,"50":1},"f":{"0":0,"1":0,"2":0,"3":0,"4":0,"5":0,"6":0,"7":0,"8":0,"9":0},"b":{"0":[0,0],"1":[0,0],"2":[0,0],"3":[0,0],"4":[0,0],"5":[0,0],"6":[0,0,0],"7":[0,0,0],"8":[0,0]},"_coverageSchema":"1a1c01bbd47fc00a2c39e90264f33305004495a9","hash":"592c4d9892a7a9b280af49e88a2406ed085035f8"}
,"C:\\Users\\2001l\\OneDrive\\Desktop\\GymPro\\Gym_Posture_Analyser\\pages\\SignUp.jsx": {"path":"C:\\Users\\2001l\\OneDrive\\Desktop\\GymPro\\Gym_Posture_Analyser\\pages\\SignUp.jsx","statementMap":{"0":{"start":{"line":10,"column":21},"end":{"line":262,"column":1}},"1":{"start":{"line":11,"column":34},"end":{"line":11,"column":46}},"2":{"start":{"line":12,"column":28},"end":{"line":12,"column":40}},"3":{"start":{"line":13,"column":34},"end":{"line":13,"column":46}},"4":{"start":{"line":14,"column":26},"end":{"line":14,"column":38}},"5":{"start":{"line":15,"column":30},"end":{"line":15,"column":42}},"6":{"start":{"line":16,"column":30},"end":{"line":16,"column":42}},"7":{"start":{"line":17,"column":43},"end":{"line":17,"column":57}},"8":{"start":{"line":18,"column":27},"end":{"line":18,"column":42}},"9":{"start":{"line":19,"column":49},"end":{"line":19,"column":61}},"10":{"start":{"line":20,"column":30},"end":{"line":20,"column":74}},"11":{"start":{"line":21,"column":39},"end":{"line":21,"column":51}},"12":{"start":{"line":23,"column":38},"end":{"line":23,"column":53}},"13":{"start":{"line":24,"column":26},"end":{"line":24,"column":46}},"14":{"start":{"line":25,"column":22},"end":{"line":25,"column":59}},"15":{"start":{"line":27,"column":2},"end":{"line":31,"column":45}},"16":{"start":{"line":28,"column":4},"end":{"line":28,"column":24}},"17":{"start":{"line":29,"column":4},"end":{"line":29,"column":33}},"18":{"start":{"line":30,"column":4},"end":{"line":30,"column":28}},"19":{"start":{"line":33,"column":24},"end":{"line":38,"column":3}},"20":{"start":{"line":34,"column":4},"end":{"line":37,"column":15}},"21":{"start":{"line":40,"column":25},"end":{"line":45,"column":3}},"22":{"start":{"line":41,"column":4},"end":{"line":44,"column":15}},"23":{"start":{"line":47,"column":19},"end":{"line":59,"column":3}},"24":{"start":{"line":48,"column":4},"end":{"line":58,"column":5}},"25":{"start":{"line":49,"column":6},"end":{"line":49,"column":32}},"26":{"start":{"line":50,"column":6},"end":{"line":50,"column":27}},"27":{"start":{"line":51,"column":26},"end":{"line":51,"column":46}},"28":{"start":{"line":52,"column":6},"end":{"line":52,"column":27}},"29":{"start":{"line":53,"column":28},"end":{"line":53,"column":113}},"30":{"start":{"line":54,"column":6},"end":{"line":54,"column":29}},"31":{"start":{"line":55,"column":6},"end":{"line":55,"column":24}},"32":{"start":{"line":57,"column":6},"end":{"line":57,"column":27}},"33":{"start":{"line":61,"column":25},"end":{"line":63,"column":3}},"34":{"start":{"line":62,"column":4},"end":{"line":62,"column":24}},"35":{"start":{"line":65,"column":30},"end":{"line":82,"column":3}},"36":{"start":{"line":66,"column":21},"end":{"line":70,"column":5}},"37":{"start":{"line":73,"column":4},"end":{"line":79,"column":7}},"38":{"start":{"line":74,"column":6},"end":{"line":76,"column":7}},"39":{"start":{"line":75,"column":8},"end":{"line":75,"column":35}},"40":{"start":{"line":78,"column":6},"end":{"line":78,"column":48}},"41":{"start":{"line":80,"column":4},"end":{"line":80,"column":26}},"42":{"start":{"line":81,"column":4},"end":{"line":81,"column":24}},"43":{"start":{"line":84,"column":23},"end":{"line":152,"column":3}},"44":{"start":{"line":85,"column":4},"end":{"line":85,"column":27}},"45":{"start":{"line":86,"column":4},"end":{"line":86,"column":50}},"46":{"start":{"line":87,"column":4},"end":{"line":87,"column":27}},"47":{"start":{"line":88,"column":4},"end":{"line":88,"column":22}},"48":{"start":{"line":114,"column":4},"end":{"line":151,"column":5}},"49":{"start":{"line":116,"column":23},"end":{"line":125,"column":10}},"50":{"start":{"line":128,"column":21},"end":{"line":128,"column":34}},"51":{"start":{"line":129,"column":24},"end":{"line":129,"column":36}},"52":{"start":{"line":131,"column":6},"end":{"line":135,"column":7}},"53":{"start":{"line":132,"column":22},"end":{"line":132,"column":32}},"54":{"start":{"line":133,"column":8},"end":{"line":133,"column":54}},"55":{"start":{"line":134,"column":8},"end":{"line":134,"column":19}},"56":{"start":{"line":137,"column":6},"end":{"line":150,"column":7}},"57":{"start":{"line":138,"column":21},"end":{"line":138,"column":40}},"58":{"start":{"line":139,"column":8},"end":{"line":142,"column":9}},"59":{"start":{"line":140,"column":10},"end":{"line":140,"column":43}},"60":{"start":{"line":142,"column":10},"end":{"line":145,"column":9}},"61":{"start":{"line":143,"column":10},"end":{"line":143,"column":64}},"62":{"start":{"line":144,"column":10},"end":{"line":144,"column":51}},"63":{"start":{"line":148,"column":8},"end":{"line":148,"column":61}},"64":{"start":{"line":149,"column":8},"end":{"line":149,"column":46}},"65":{"start":{"line":154,"column":20},"end":{"line":172,"column":3}},"66":{"start":{"line":156,"column":29},"end":{"line":156,"column":84}},"67":{"start":{"line":157,"column":4},"end":{"line":160,"column":5}},"68":{"start":{"line":158,"column":6},"end":{"line":158,"column":71}},"69":{"start":{"line":159,"column":6},"end":{"line":159,"column":13}},"70":{"start":{"line":163,"column":19},"end":{"line":167,"column":6}},"71":{"start":{"line":169,"column":4},"end":{"line":171,"column":5}},"72":{"start":{"line":170,"column":6},"end":{"line":170,"column":34}},"73":{"start":{"line":173,"column":22},"end":{"line":175,"column":3}},"74":{"start":{"line":174,"column":4},"end":{"line":174,"column":26}},"75":{"start":{"line":177,"column":2},"end":{"line":261,"column":4}},"76":{"start":{"line":209,"column":14},"end":{"line":209,"column":70}},"77":{"start":{"line":217,"column":14},"end":{"line":217,"column":70}},"78":{"start":{"line":224,"column":14},"end":{"line":224,"column":70}},"79":{"start":{"line":264,"column":
[...]
":{"line":69,"column":29}},"49":{"start":{"line":70,"column":26},"end":{"line":70,"column":30}},"50":{"start":{"line":71,"column":26},"end":{"line":71,"column":30}},"51":{"start":{"line":72,"column":27},"end":{"line":72,"column":31}},"52":{"start":{"line":73,"column":36},"end":{"line":73,"column":40}},"53":{"start":{"line":74,"column":35},"end":{"line":74,"column":39}},"54":{"start":{"line":75,"column":35},"end":{"line":75,"column":39}},"55":{"start":{"line":77,"column":6},"end":{"line":79,"column":7}},"56":{"start":{"line":78,"column":8},"end":{"line":78,"column":71}},"57":{"start":{"line":80,"column":6},"end":{"line":82,"column":7}},"58":{"start":{"line":81,"column":8},"end":{"line":81,"column":75}},"59":{"start":{"line":83,"column":6},"end":{"line":85,"column":7}},"60":{"start":{"line":84,"column":8},"end":{"line":84,"column":67}},"61":{"start":{"line":86,"column":6},"end":{"line":88,"column":7}},"62":{"start":{"line":87,"column":8},"end":{"line":87,"column":71}},"63":{"start":{"line":90,"column":19},"end":{"line":90,"column":49}},"64":{"start":{"line":91,"column":19},"end":{"line":91,"column":49}},"65":{"start":{"line":92,"column":18},"end":{"line":92,"column":46}},"66":{"start":{"line":93,"column":18},"end":{"line":93,"column":46}},"67":{"start":{"line":94,"column":23},"end":{"line":94,"column":61}},"68":{"start":{"line":95,"column":23},"end":{"line":95,"column":61}},"69":{"start":{"line":96,"column":20},"end":{"line":96,"column":52}},"70":{"start":{"line":97,"column":20},"end":{"line":97,"column":52}},"71":{"start":{"line":99,"column":6},"end":{"line":99,"column":100}},"72":{"start":{"line":100,"column":6},"end":{"line":100,"column":101}},"73":{"start":{"line":101,"column":6},"end":{"line":101,"column":196}},"74":{"start":{"line":103,"column":6},"end":{"line":103,"column":147}},"75":{"start":{"line":106,"column":20},"end":{"line":124,"column":3}},"76":{"start":{"line":107,"column":4},"end":{"line":123,"column":5}},"77":{"start":{"line":108,"column":8},"end":{"line":108,"column":47}},"78":{"start":{"line":109,"column":8},"end":{"line":122,"column":9}},"79":{"start":{"line":110,"column":10},"end":{"line":110,"column":40}},"80":{"start":{"line":113,"column":12},"end":{"line":113,"column":42}},"81":{"start":{"line":114,"column":12},"end":{"line":121,"column":13}},"82":{"start":{"line":115,"column":16},"end":{"line":117,"column":17}},"83":{"start":{"line":116,"column":20},"end":{"line":116,"column":45}},"84":{"start":{"line":119,"column":16},"end":{"line":119,"column":42}},"85":{"start":{"line":126,"column":36},"end":{"line":166,"column":5}},"86":{"start":{"line":127,"column":6},"end":{"line":165,"column":7}},"87":{"start":{"line":128,"column":150},"end":{"line":128,"column":176}},"88":{"start":{"line":131,"column":27},"end":{"line":131,"column":160}},"89":{"start":{"line":132,"column":28},"end":{"line":132,"column":77}},"90":{"start":{"line":135,"column":23},"end":{"line":135,"column":49}},"91":{"start":{"line":136,"column":8},"end":{"line":136,"column":30}},"92":{"start":{"line":138,"column":23},"end":{"line":138,"column":58}},"93":{"start":{"line":142,"column":8},"end":{"line":159,"column":9}},"94":{"start":{"line":143,"column":10},"end":{"line":143,"column":32}},"95":{"start":{"line":144,"column":10},"end":{"line":144,"column":33}},"96":{"start":{"line":145,"column":10},"end":{"line":145,"column":29}},"97":{"start":{"line":146,"column":15},"end":{"line":159,"column":9}},"98":{"start":{"line":147,"column":10},"end":{"line":147,"column":31}},"99":{"start":{"line":148,"column":10},"end":{"line":148,"column":33}},"100":{"start":{"line":149,"column":10},"end":{"line":149,"column":29}},"101":{"start":{"line":150,"column":15},"end":{"line":159,"column":9}},"102":{"start":{"line":151,"column":10},"end":{"line":151,"column":29}},"103":{"start":{"line":152,"column":10},"end":{"line":152,"column":33}},"104":{"start":{"line":153,"column":10},"end":{"line":153,"column":31}},"105":{"start":{"line":155,"column":13},"end":{"line":159,"column":9}},"106":{"start":{"line":156,"column":10},"end":{"line":156,"column":26}},"107":{"start":{"line":157,"column":10},"end":{"line":157,"column":33}},"108":{"start":{"line":158,"column":10},"end":{"line":158,"column":28}},"109":{"start":{"line":161,"column":8},"end":{"line":161,"column":24}},"110":{"start":{"line":164,"column":8},"end":{"line":164,"column":57}},"111":{"start":{"line":167,"column":4},"end":{"line":174,"column":5}},"112":{"start":{"line":168,"column":6},"end":{"line":173,"column":8}},"113":{"start":{"line":177,"column":8},"end":{"line":179,"column":38}},"114":{"start":{"line":181,"column":8},"end":{"line":183,"column":39}},"115":{"start":{"line":185,"column":8},"end":{"line":187,"column":37}},"116":{"start":{"line":189,"column":4},"end":{"line":212,"column":6}},"117":{"start":{"line":215,"column":17},"end":{"line":278,"column":2}}},"fnMap":{"0":{"name":"(anonymous_0)","decl":{"start":{"line":8,"column":20},"end":{"line":8,"column":21}},"loc":{"start":{"line":8,"column":26},"end":{"line":213,"column":3}},"line":8},"1":{"name":"(anonymous_1)","decl":{"start":{"line":19,"column":14},"end":{"line":19,"column":15}},"loc":{"start":{"line":19,"column":20},"end":{"line":30,"column":5}},"line":19},"2":{"name":"(anonymous_2)","decl":{"start":{"line":20,"column":29},"end":{"line":20,"column":30}},"loc":{"start":{"line":20,"column":41},"end":{"line":27,"column":7}},"line":20},"3":{"name":"(anonymous_3)","decl":{"start":{"line":32,"column":14},"end":{"line":32,"column":15}},"loc":{"start":{"line":32,"column":20},"end":{"line":54,"column":5}},"line":32},"4":{"name":"(anonymous_4)","decl":{"start":{"line":36,"column":45},"end":{"line":36,"column":46}},"loc":{"start":{"line":36,"column":51},"end":{"line":38,"column":15}},"line":36},"5":{"name":"(anonymous_5)","decl":{"start":{"line":37,"column":26},"end":{"line":37,"column":27}},"loc":{"start":{"line":37,"column":38},"end":{"line":37,"column":50}},"line":37},"6":{"name":"(anonymous_6)","decl":{"start":{"line":48,"column":13},"end":{"line":48,"column":14}},"loc":{"start":{"line":48,"column":19},"end":{"line":53,"column":7}},"line":48},"7":{"name":"(anonymous_7)","decl":{"start":{"line":56,"column":28},"end":{"line":56,"column":29}},"loc":{"start":{"line":56,"column":43},"end":{"line":104,"column":3}},"line":56},"8":{"name":"(anonymous_8)","decl":{"start":{"line":57,"column":34},"end":{"line":57,"column":35}},"loc":{"start":{"line":57,"column":41},"end":{"line":57,"column":58}},"line":57},"9":{"name":"(anonymous_9)","decl":{"start":{"line":59,"column":42},"end":{"line":59,"column":43}},"loc":{"start":{"line":59,"column":49},"end":{"line":59,"column":75}},"line":59},"10":{"name":"(anonymous_10)","decl":{"start":{"line":60,"column":37},"end":{"line":60,"column":38}},"loc":{"start":{"line":60,"column":44},"end":{"line":60,"column":65}},"line":60},"11":{"name":"(anonymous_11)","decl":{"start":{"line":61,"column":38},"end":{"line":61,"column":39}},"loc":{"start":{"line":61,"column":45},"end":{"line":61,"column":67}},"line":61},"12":{"name":"(anonymous_12)","decl":{"start":{"line":62,"column":39},"end":{"line":62,"column":40}},"loc":{"start":{"line":62,"column":46},"end":{"line":62,"column":69}},"line":62},"13":{"name":"(anonymous_13)","decl":{"start":{"line":64,"column":43},"end":{"line":64,"column":44}},"loc":{"start":{"line":64,"column":50},"end":{"line":64,"column":77}},"line":64},"14":{"name":"(anonymous_14)","decl":{"start":{"line":65,"column":38},"end":{"line":65,"column":39}},"loc":{"start":{"line":65,"column":45},"end":{"line":65,"column":67}},"line":65},"15":{"name":"(anonymous_15)","decl":{"start":{"line":66,"column":39},"end":{"line":66,"column":40}},"loc":{"start":{"line":66,"column":46},"end":{"line":66,"column":69}},"line":66},"16":{"name":"(anonymous_16)","decl":{"start":{"line":67,"column":40},"end":{"line":67,"column":41}},"loc":{"start":{"line":67,"column":47},"end":{"line":67,"column":71}},"line":67},"17":{"name":"(anonymous_17)","decl":{"start":{"line":106,"column":20},"end":{"line":106,"column":21}},"loc":{"start":{"line":106,"column":36},"end":{"line":124,"column":3}},"line":106},"18":{"name":"(anonymous_18)","decl":{"start":{"line":126,"column":36},"end":{"line":126,"column":37}},"loc":{"start":{"line":126,"column":57},"end":{"line":166,"column":5}},"line":126}},"branchMap":{"0":{"loc":{"start":{"line":33,"column":6},"end":{"line":46,"column":7}},"type":"if","locations":[{"start":{"line":33,"column":6},"end":{"line":46,"column":7}},{"start":{"line":40,"column":13},"end":{"line":46,"column":7}}],"line":33},"1":{"loc":{"start":{"line":35,"column":10},"end":{"line":39,"column":11}},"type":"if","locations":[{"start":{"line":35,"column":10},"end":{"line":39,"column":11}},{"start":{},"end":{}}],"line":35},"2":{"loc":{"start":{"line":42,"column":10},"end":{"line":45,"column":11}},"type":"if","locations":[{"start":{"line":42,"column":10},"end":{"line":45,"column":11}},{"start":{},"end":{}}],"line":42},"3":{"loc":{"start":{"line":50,"column":10},"end":{"line":52,"column":11}},"type":"if","locations":[{"start":{"line":50,"column":10},"end":{"line":52,"column":11}},{"start":{},"end":{}}],"line":50},"4":{"loc":{"start":{"line":77,"column":6},"end":{"line":79,"column":7}},"type":"if","locations":[{"start":{"line":77,"column":6},"end":{"line":79,"column":7}},{"start":{},"end":{}}],"line":77},"5":{"loc":{"start":{"line":77,"column":10},"end":{"line":77,"column":45}},"type":"binary-expr","locations":[{"start":{"line":77,"column":10},"end":{"line":77,"column":22}},{"start":{"line":77,"column":26},"end":{"line":77,"column":33}},{"start":{"line":77,"column":37},"end":{"line":77,"column":45}}],"line":77},"6":{"loc":{"start":{"line":80,"column":6},"end":{"line":82,"column":7}},"type":"if","locations":[{"start":{"line":80,"column":6},"end":{"line":82,"column":7}},{"start":{},"end":{}}],"line":80},"7":{"loc":{"start":{"line":80,"column":10},"end":{"line":80,"column":48}},"type":"binary-expr","locations":[{"start":{"line":80,"column":10},"end":{"line":80,"column":23}},{"start":{"line":80,"column":27},"end":{"line":80,"column":35}},{"start":{"line":80,"column":39},"end":{"line":80,"column":48}}],"line":80},"8":{"loc":{"start":{"line":83,"column":6},"end":{"line":85,"column":7}},"type":"if","locations":[{"start":{"line":83,"column":6},"end":{"line":85,"column":7}},{"start":{},"end":{}}],"line":83},"9":{"loc":{"start":{"line":83,"column":10},"end":{"line":83,"column":42}},"type":"binary-expr","locations":[{"start":{"line":83,"column":10},"end":{"line":83,"column":17}},{"start":{"line":83,"column":21},"end":{"line":83,"column":29}},{"start":{"line":83,"column":33},"end":{"line":83,"column":42}}],"line":83},"10":{"loc":{"start":{"line":86,"column":6},"end":{"line":88,"column":7}},"type":"if","locations":[{"start":{"line":86,"column":6},"end":{"line":88,"column":7}},{"start":{},"end":{}}],"line":86},"11":{"loc":{"start":{"line":86,"column":10},"end":{"line":86,"column":45}},"type":"binary-expr","locations":[{"start":{"line":86,"column":10},"end":{"line":86,"column":18}},{"start":{"line":86,"column":22},"end":{"line":86,"column":31}},{"start":{"line":86,"column":35},"end":{"line":86,"column":45}}],"line":86},"12":{"loc":{"start":{"line":107,"column":4},"end":{"line":123,"column":5}},"type":"if","locations":[{"start":{"line":107,"column":4},"end":{"line":123,"column":5}},{"start":{},"end":{}}],"line":107},"13":{"loc":{"start":{"line":107,"column":8},"end":{"line":107,"column":57}},"type":"binary-expr","locations":[{"start":{"line":107,"column":8},"end":{"line":107,"column":30}},{"start":{"line":107,"column":34},"end":{"line":107,"column":57}}],"line":107},"14":{"loc":{"start":{"line":109,"column":8},"end":{"line":122,"column":9}},"type":"if","locations":[{"start":{"line":109,"column":8},"end":{"line":122,"column":9}},{"start":{"line":112,"column":13},"end":{"line":122,"column":9}}],"line":109},"15":{"loc":{"start":{"line":114,"column":12},"end":{"line":121,"column":13}},"type":"if","locations":[{"start":{"line":114,"column":12},"end":{"line":121,"column":13}},{"start":{},"end":{}}],"line":114},"16":{"loc":{"start":{"line":115,"column":16},"end":{"line":117,"column":17}},"type":"if","locations":[{"start":{"line":115,"column":16},"end":{"line":117,"column":17}},{"start":{},"end":{}}],"line":115},"17":{"loc":{"start":{"line":142,"column":8},"end":{"line":159,"column":9}},"type":"if","locations":[{"start":{"line":142,"column":8},"end":{"line":159,"column":9}},{"start":{"line":146,"column":15},"end":{"line":159,"column":9}}],"line":142},"18":{"loc":{"start":{"line":146,"column":15},"end":{"line":159,"column":9}},"type":"if","locations":[{"start":{"line":146,"column":15},"end":{"line":159,"column":9}},{"start":{"line":150,"column":15},"end":{"line":159,"column":9}}],"line":146},"19":{"loc":{"start":{"line":150,"column":15},"end":{"line":159,"column":9}},"type":"if","locations":[{"start":{"line":150,"column":15},"end":{"line":159,"column":9}},{"start":{"line":155,"column":13},"end":{"line":159,"column":9}}],"line":150},"20":{"loc":{"start":{"line":155,"column":13},"end":{"line":159,"column":9}},"type":"if","locations":[{"start":{"line":155,"column":13},"end":{"line":159,"column":9}},{"start":{},"end":{}}],"line":155},"21":{"loc":{"start":{"line":167,"column":4},"end":{"line":174,"column":5}},"type":"if","locations":[{"start":{"line":167,"column":4},"end":{"line":174,"column":5}},{"start":{},"end":{}}],"line":167},"22":{"loc":{"start":{"line":177,"column":8},"end":{"line":179,"column":38}},"type":"cond-expr","locations":[{"start":{"line":178,"column":14},"end":{"line":178,"column":36}},{"start":{"line":179,"column":14},"end":{"line":179,"column":38}}],"line":177},"23":{"loc":{"start":{"line":177,"column":8},"end":{"line":177,"column":75}},"type":"binary-expr","locations":[{"start":{"line":177,"column":8},"end":{"line":177,"column":39}},{"start":{"line":177,"column":43},"end":{"line":177,"column":75}}],"line":177},"24":{"loc":{"start":{"line":181,"column":8},"end":{"line":183,"column":39}},"type":"cond-expr","locations":[{"start":{"line":182,"column":14},"end":{"line":182,"column":37}},{"start":{"line":183,"column":14},"end":{"line":183,"column":39}}],"line":181},"25":{"loc":{"start":{"line":181,"column":8},"end":{"line":181,"column":75}},"type":"binary-expr","locations":[{"start":{"line":181,"column":8},"end":{"line":181,"column":39}},{"start":{"line":181,"column":43},"end":{"line":181,"column":75}}],"line":181},"26":{"loc":{"start":{"line":185,"column":8},"end":{"line":187,"column":37}},"type":"cond-expr","locations":[{"start":{"line":186,"column":14},"end":{"line":186,"column":35}},{"start":{"line":187,"column":14},"end":{"line":187,"column":37}}],"line":185},"27":{"loc":{"start":{"line":185,"column":8},"end":{"line":185,"column":75}},"type":"binary-expr","locations":[{"start":{"line":185,"column":8},"end":{"line":185,"column":39}},{"start":{"line":185,"column":43},"end":{"line":185,"column":75}}],"line":185},"28":{"loc":{"start":{"line":195,"column":25},"end":{"line":195,"column":108}},"type":"binary-expr","locations":[{"start":{"line":195,"column":25},"end":{"line":195,"column":56}},{"start":{"line":195,"column":60},"end":{"line":195,"column":108}}],"line":195},"29":{"loc":{"start":{"line":196,"column":25},"end":{"line":196,"column":109}},"type":"binary-expr","locations":[{"start":{"line":196,"column":25},"end":{"line":196,"column":57}},{"start":{"line":196,"column":61},"end":{"line":196,"column":109}}],"line":196},"30":{"loc":{"start":{"line":197,"column":25},"end":{"line":199,"column":25}},"type":"binary-expr","locations":[{"start":{"line":197,"column":25},"end":{"line":197,"column":62}},{"start":{"line":198,"column":28},"end":{"line":198,"column":121}}],"line":197}},"s":{"0":1,"1":0,"2":0,"3":0,"4":0,"5":0,"6":0,"7":0,"8":0,"9":0,"10":0,"11":0,"12":0,"13":0,"14":0,"15":0,"16":0,"17":0,"18":0,"19":0,"20":0,"21":0,"22":0,"23":0,"24":0,"25":0,"26":0,"27":0,"28":0,"29":0,"30":0,"31":0,"32":0,"33":0,"34":0,"35":0,"36":0,"37":0,"38":0,"39":0,"40":0,"41":0,"42":0,"43":0,"44":0,"45":0,"46":0,"47":0,"48":0,"49":0,"50":0,"51":0,"52":0,"53":0,"54":0,"55":0,"56":0,"57":0,"58":0,"59":0,"60":0,"61":0,"62":0,"63":0,"64":0,"65":0,"66":0,"67":0,"68":0,"69":0,"70":0,"71":0,"72":0,"73":0,"74":0,"75":0,"76":0,"77":0,"78":0,"79":0,"80":0,"81":0,"82":0,"83":0,"84":0,"85":0,"86":0,"87":0,"88":0,"89":0,"90":0,"91":0,"92":0,"93":0,"94":0,"95":0,"96":0,"97":0,"98":0,"99":0,"100":0,"101":0,"102":0,"103":0,"104":0,"105":0,"106":0,"107":0,"108":0,"109":0,"110":0,"111":0,"112":0,"113":0,"114":0,"115":0,"116":0,"117":1},"f":{"0":0,"1":0,"2":0,"3":0,"4":0,"5":0,"6":0,"7":0,"8":0,"9":0,"10":0,"11":0,"12":0,"13":0,"14":0,"15":0,"16":0,"17":0,"18":0},"b":{"0":[0,0],"1":[0,0],"2":[0,0],"3":[0,0],"4":[0,0],"5":[0,0,0],"6":[0,0],"7":[0,0,0],"8":[0,0],"9":[0,0,0],"10":[0,0],"11":[0,0,0],"12":[0,0],"13":[0,0],"14":[0,0],"15":[0,0],"16":[0,0],"17":[0,0],"18":[0,0],"19":[0,0],"20":[0,0],"21":[0,0],"22":[0,0],"23":[0,0],"24":[0,0],"25":[0,0],"26":[0,0],"27":[0,0],"28":[0,0],"29":[0,0],"30":[0,0]},"_coverageSchema":"1a1c01bbd47fc00a2c39e90264f33305004495a9","hash":"d67568259b66802fcadac9fe940c9ae47140fdb8"}
,"C:\\Users\\2001l\\OneDrive\\Desktop\\GymPro\\Gym_Posture_Analyser\\pages\\supporting_methods\\angle.jsx": {"path":"C:\\Users\\2001l\\OneDrive\\Desktop\\GymPro\\Gym_Posture_Analyser\\pages\\supporting_methods\\angle.jsx","statementMap":{"0":{"start":{"line":1,"column":30},"end":{"line":18,"column":1}},"1":{"start":{"line":2,"column":15},"end":{"line":5,"column":5}},"2":{"start":{"line":6,"column":15},"end":{"line":9,"column":5}},"3":{"start":{"line":11,"column":23},"end":{"line":11,"column":48}},"4":{"start":{"line":12,"column":24},"end":{"line":12,"column":56}},"5":{"start":{"line":13,"column":24},"end":{"line":13,"column":56}},"6":{"start":{"line":15,"column":25},"end":{"line":15,"column":76}},"7":{"start":{"line":16,"column":25},"end":{"line":16,"column":55}},"8":{"start":{"line":17,"column":4},"end":{"line":17,"column":30}},"9":{"start":{"line":20,"column":33},"end":{"line":27,"column":1}},"10":{"start":{"line":22,"column":17},"end":{"line":22,"column":26}},"11":{"start":{"line":23,"column":17},"end":{"line":23,"column":26}},"12":{"start":{"line":26,"column":2},"end":{"line":26,"column":46}},"13":{"start":{"line":29,"column":35},"end":{"line":34,"column":1}},"14":{"start":{"line":30,"column":17},"end":{"line":30,"column":26}},"15":{"start":{"line":31,"column":17},"end":{"line":31,"column":26}},"16":{"start":{"line":33,"column":2},"end":{"line":33,"column":46}},"17":{"start":{"line":36,"column":36},"end":{"line":44,"column":1}},"18":{"start":{"line":37,"column":18},"end":{"line":37,"column":33}},"19":{"start":{"line":38,"column":18},"end":{"line":38,"column":33}},"20":{"start":{"line":39,"column":17},"end":{"line":39,"column":30}},"21":{"start":{"line":40,"column":17},"end":{"line":40,"column":30}},"22":{"start":{"line":43,"column":2},"end":{"line":43,"column":73}}},"fnMap":{"0":{"name":"(anonymous_0)","decl":{"start":{"line":1,"column":30},"end":{"line":1,"column":31}},"loc":{"start":{"line":1,"column":43},"end":{"line":18,"column":1}},"line":1},"1":{"name":"(anonymous_1)","decl":{"start":{"line":20,"column":33},"end":{"line":20,"column":34}},"loc":{"start":{"line":20,"column":43},"end":{"line":27,"column":1}},"line":20},"2":{"name":"(anonymous_2)","decl":{"start":{"line":29,"column":35},"end":{"line":29,"column":36}},"loc":{"start":{"line":29,"column":56},"end":{"line":34,"column":1}},"line":29},"3":{"name":"(anonymous_3)","decl":{"start":{"line":36,"column":36},"end":{"line":36,"column":37}},"loc":{"start":{"line":36,"column":51},"end":{"line":44,"column":1}},"line":36}},"branchMap":{},"s":{"0":2,"1":2,"2":2,"3":2,"4":2,"5":2,"6":2,"7":2,"8":2,"9":2,"10":1,"11":1,"12":1,"13":2,"14":1,"15":1,"16":1,"17":2,"18":2,"19":2,"20":2,"21":2,"22":2},"f":{"0":2,"1":1,"2":1,"3":2},"b":{},"_coverageSchema":"1a1c01bbd47fc00a2c39e90264f33305004495a9","hash":"16a3c0b6cc8889694845dbfdff124d938b81b4ed"}
}
